<?xml version="1.0" encoding="UTF-8"?>
<testsuite xmlns:xsi="http://www.w3.org/2001/XMLSchema-instance" xsi:noNamespaceSchemaLocation="https://maven.apache.org/surefire/maven-surefire-plugin/xsd/surefire-test-report-3.0.xsd" version="3.0" name="TestSuite" time="15.949" tests="3" errors="0" skipped="0" failures="1">
  <properties>
    <property name="java.specification.version" value="21"/>
    <property name="webdriver.chrome.driver" value="C:\Users\gole_\OneDrive\Documents\Govtech\chromedriver-win64\chromedriver.exe"/>
    <property name="sun.cpu.isalist" value="amd64"/>
    <property name="sun.jnu.encoding" value="Cp1252"/>
    <property name="java.class.path" value="C:\Users\gole_\OneDrive\Documents\new Govtech\GovTechOpenheimer\target\test-classes;C:\Users\gole_\OneDrive\Documents\new Govtech\GovTechOpenheimer\target\classes;C:\Users\gole_\.m2\repository\junit\junit\3.8.1\junit-3.8.1.jar;C:\Users\gole_\.m2\repository\org\seleniumhq\selenium\selenium-java\4.11.0\selenium-java-4.11.0.jar;C:\Users\gole_\.m2\repository\org\seleniumhq\selenium\selenium-api\4.11.0\selenium-api-4.11.0.jar;C:\Users\gole_\.m2\repository\org\seleniumhq\selenium\selenium-chrome-driver\4.11.0\selenium-chrome-driver-4.11.0.jar;C:\Users\gole_\.m2\repository\com\google\auto\service\auto-service-annotations\1.0.1\auto-service-annotations-1.0.1.jar;C:\Users\gole_\.m2\repository\com\google\guava\guava\31.1-jre\guava-31.1-jre.jar;C:\Users\gole_\.m2\repository\com\google\guava\failureaccess\1.0.1\failureaccess-1.0.1.jar;C:\Users\gole_\.m2\repository\com\google\guava\listenablefuture\9999.0-empty-to-avoid-conflict-with-guava\listenablefuture-9999.0-empty-to-avoid-conflict-with-guava.jar;C:\Users\gole_\.m2\repository\com\google\code\findbugs\jsr305\3.0.2\jsr305-3.0.2.jar;C:\Users\gole_\.m2\repository\org\checkerframework\checker-qual\3.12.0\checker-qual-3.12.0.jar;C:\Users\gole_\.m2\repository\com\google\errorprone\error_prone_annotations\2.11.0\error_prone_annotations-2.11.0.jar;C:\Users\gole_\.m2\repository\com\google\j2objc\j2objc-annotations\1.3\j2objc-annotations-1.3.jar;C:\Users\gole_\.m2\repository\org\seleniumhq\selenium\selenium-chromium-driver\4.11.0\selenium-chromium-driver-4.11.0.jar;C:\Users\gole_\.m2\repository\org\seleniumhq\selenium\selenium-json\4.11.0\selenium-json-4.11.0.jar;C:\Users\gole_\.m2\repository\org\seleniumhq\selenium\selenium-manager\4.11.0\selenium-manager-4.11.0.jar;C:\Users\gole_\.m2\repository\org\seleniumhq\selenium\selenium-devtools-v113\4.11.0\selenium-devtools-v113-4.11.0.jar;C:\Users\gole_\.m2\repository\org\seleniumhq\selenium\selenium-devtools-v114\4.11.0\selenium-devtools-v114-4.11.0.jar;C:\Users\gole_\.m2\repository\org\seleniumhq\selenium\selenium-devtools-v115\4.11.0\selenium-devtools-v115-4.11.0.jar;C:\Users\gole_\.m2\repository\org\seleniumhq\selenium\selenium-devtools-v85\4.11.0\selenium-devtools-v85-4.11.0.jar;C:\Users\gole_\.m2\repository\org\seleniumhq\selenium\selenium-edge-driver\4.11.0\selenium-edge-driver-4.11.0.jar;C:\Users\gole_\.m2\repository\org\seleniumhq\selenium\selenium-firefox-driver\4.11.0\selenium-firefox-driver-4.11.0.jar;C:\Users\gole_\.m2\repository\org\seleniumhq\selenium\selenium-http\4.11.0\selenium-http-4.11.0.jar;C:\Users\gole_\.m2\repository\dev\failsafe\failsafe\3.3.1\failsafe-3.3.1.jar;C:\Users\gole_\.m2\repository\org\seleniumhq\selenium\selenium-ie-driver\4.11.0\selenium-ie-driver-4.11.0.jar;C:\Users\gole_\.m2\repository\org\seleniumhq\selenium\selenium-remote-driver\4.11.0\selenium-remote-driver-4.11.0.jar;C:\Users\gole_\.m2\repository\io\netty\netty-buffer\4.1.92.Final\netty-buffer-4.1.92.Final.jar;C:\Users\gole_\.m2\repository\io\netty\netty-codec-http\4.1.92.Final\netty-codec-http-4.1.92.Final.jar;C:\Users\gole_\.m2\repository\io\netty\netty-codec\4.1.92.Final\netty-codec-4.1.92.Final.jar;C:\Users\gole_\.m2\repository\io\netty\netty-handler\4.1.92.Final\netty-handler-4.1.92.Final.jar;C:\Users\gole_\.m2\repository\io\netty\netty-common\4.1.92.Final\netty-common-4.1.92.Final.jar;C:\Users\gole_\.m2\repository\io\netty\netty-transport-classes-epoll\4.1.92.Final\netty-transport-classes-epoll-4.1.92.Final.jar;C:\Users\gole_\.m2\repository\io\netty\netty-transport-classes-kqueue\4.1.92.Final\netty-transport-classes-kqueue-4.1.92.Final.jar;C:\Users\gole_\.m2\repository\io\netty\netty-transport-native-epoll\4.1.92.Final\netty-transport-native-epoll-4.1.92.Final.jar;C:\Users\gole_\.m2\repository\io\netty\netty-transport-native-kqueue\4.1.92.Final\netty-transport-native-kqueue-4.1.92.Final.jar;C:\Users\gole_\.m2\repository\io\netty\netty-transport-native-unix-common\4.1.92.Final\netty-transport-native-unix-common-4.1.92.Final.jar;C:\Users\gole_\.m2\repository\io\netty\netty-transport\4.1.92.Final\netty-transport-4.1.92.Final.jar;C:\Users\gole_\.m2\repository\io\netty\netty-resolver\4.1.92.Final\netty-resolver-4.1.92.Final.jar;C:\Users\gole_\.m2\repository\io\opentelemetry\opentelemetry-api\1.26.0\opentelemetry-api-1.26.0.jar;C:\Users\gole_\.m2\repository\io\opentelemetry\opentelemetry-context\1.26.0\opentelemetry-context-1.26.0.jar;C:\Users\gole_\.m2\repository\io\opentelemetry\opentelemetry-exporter-logging\1.26.0\opentelemetry-exporter-logging-1.26.0.jar;C:\Users\gole_\.m2\repository\io\opentelemetry\opentelemetry-sdk-metrics\1.26.0\opentelemetry-sdk-metrics-1.26.0.jar;C:\Users\gole_\.m2\repository\io\opentelemetry\opentelemetry-extension-incubator\1.26.0-alpha\opentelemetry-extension-incubator-1.26.0-alpha.jar;C:\Users\gole_\.m2\repository\io\opentelemetry\opentelemetry-sdk-logs\1.26.0-alpha\opentelemetry-sdk-logs-1.26.0-alpha.jar;C:\Users\gole_\.m2\repository\io\opentelemetry\opentelemetry-api-logs\1.26.0-alpha\opentelemetry-api-logs-1.26.0-alpha.jar;C:\Users\gole_\.m2\repository\io\opentelemetry\opentelemetry-api-events\1.26.0-alpha\opentelemetry-api-events-1.26.0-alpha.jar;C:\Users\gole_\.m2\repository\io\opentelemetry\opentelemetry-sdk-common\1.26.0\opentelemetry-sdk-common-1.26.0.jar;C:\Users\gole_\.m2\repository\io\opentelemetry\opentelemetry-sdk-extension-autoconfigure-spi\1.26.0\opentelemetry-sdk-extension-autoconfigure-spi-1.26.0.jar;C:\Users\gole_\.m2\repository\io\opentelemetry\opentelemetry-sdk-extension-autoconfigure\1.26.0-alpha\opentelemetry-sdk-extension-autoconfigure-1.26.0-alpha.jar;C:\Users\gole_\.m2\repository\io\opentelemetry\opentelemetry-sdk-trace\1.26.0\opentelemetry-sdk-trace-1.26.0.jar;C:\Users\gole_\.m2\repository\io\opentelemetry\opentelemetry-sdk\1.26.0\opentelemetry-sdk-1.26.0.jar;C:\Users\gole_\.m2\repository\io\opentelemetry\opentelemetry-semconv\1.26.0-alpha\opentelemetry-semconv-1.26.0-alpha.jar;C:\Users\gole_\.m2\repository\net\bytebuddy\byte-buddy\1.14.4\byte-buddy-1.14.4.jar;C:\Users\gole_\.m2\repository\org\apache\commons\commons-exec\1.3\commons-exec-1.3.jar;C:\Users\gole_\.m2\repository\org\asynchttpclient\async-http-client\2.12.3\async-http-client-2.12.3.jar;C:\Users\gole_\.m2\repository\org\asynchttpclient\async-http-client-netty-utils\2.12.3\async-http-client-netty-utils-2.12.3.jar;C:\Users\gole_\.m2\repository\io\netty\netty-codec-socks\4.1.60.Final\netty-codec-socks-4.1.60.Final.jar;C:\Users\gole_\.m2\repository\io\netty\netty-handler-proxy\4.1.60.Final\netty-handler-proxy-4.1.60.Final.jar;C:\Users\gole_\.m2\repository\io\netty\netty-transport-native-epoll\4.1.60.Final\netty-transport-native-epoll-4.1.60.Final-linux-x86_64.jar;C:\Users\gole_\.m2\repository\io\netty\netty-transport-native-kqueue\4.1.60.Final\netty-transport-native-kqueue-4.1.60.Final-osx-x86_64.jar;C:\Users\gole_\.m2\repository\org\reactivestreams\reactive-streams\1.0.3\reactive-streams-1.0.3.jar;C:\Users\gole_\.m2\repository\com\typesafe\netty\netty-reactive-streams\2.0.4\netty-reactive-streams-2.0.4.jar;C:\Users\gole_\.m2\repository\com\sun\activation\jakarta.activation\1.2.2\jakarta.activation-1.2.2.jar;C:\Users\gole_\.m2\repository\org\seleniumhq\selenium\selenium-safari-driver\4.11.0\selenium-safari-driver-4.11.0.jar;C:\Users\gole_\.m2\repository\org\seleniumhq\selenium\selenium-support\4.11.0\selenium-support-4.11.0.jar;C:\Users\gole_\.m2\repository\org\apache\maven\plugins\maven-surefire-plugin\3.2.5\maven-surefire-plugin-3.2.5.jar;C:\Users\gole_\.m2\repository\org\apache\maven\surefire\maven-surefire-common\3.2.5\maven-surefire-common-3.2.5.jar;C:\Users\gole_\.m2\repository\org\apache\maven\surefire\surefire-api\3.2.5\surefire-api-3.2.5.jar;C:\Users\gole_\.m2\repository\org\apache\maven\surefire\surefire-logger-api\3.2.5\surefire-logger-api-3.2.5.jar;C:\Users\gole_\.m2\repository\org\apache\maven\surefire\surefire-extensions-api\3.2.5\surefire-extensions-api-3.2.5.jar;C:\Users\gole_\.m2\repository\org\apache\maven\surefire\surefire-booter\3.2.5\surefire-booter-3.2.5.jar;C:\Users\gole_\.m2\repository\org\apache\maven\surefire\surefire-extensions-spi\3.2.5\surefire-extensions-spi-3.2.5.jar;C:\Users\gole_\.m2\repository\org\eclipse\aether\aether-util\1.0.0.v20140518\aether-util-1.0.0.v20140518.jar;C:\Users\gole_\.m2\repository\org\eclipse\aether\aether-api\1.0.0.v20140518\aether-api-1.0.0.v20140518.jar;C:\Users\gole_\.m2\repository\org\apache\maven\shared\maven-common-artifact-filters\3.1.1\maven-common-artifact-filters-3.1.1.jar;C:\Users\gole_\.m2\repository\org\apache\maven\maven-artifact\3.1.0\maven-artifact-3.1.0.jar;C:\Users\gole_\.m2\repository\org\codehaus\plexus\plexus-utils\3.0.10\plexus-utils-3.0.10.jar;C:\Users\gole_\.m2\repository\org\apache\maven\maven-core\3.1.0\maven-core-3.1.0.jar;C:\Users\gole_\.m2\repository\org\apache\maven\maven-settings\3.1.0\maven-settings-3.1.0.jar;C:\Users\gole_\.m2\repository\org\apache\maven\maven-settings-builder\3.1.0\maven-settings-builder-3.1.0.jar;C:\Users\gole_\.m2\repository\org\apache\maven\maven-repository-metadata\3.1.0\maven-repository-metadata-3.1.0.jar;C:\Users\gole_\.m2\repository\org\apache\maven\maven-model-builder\3.1.0\maven-model-builder-3.1.0.jar;C:\Users\gole_\.m2\repository\org\apache\maven\maven-aether-provider\3.1.0\maven-aether-provider-3.1.0.jar;C:\Users\gole_\.m2\repository\org\eclipse\aether\aether-spi\0.9.0.M2\aether-spi-0.9.0.M2.jar;C:\Users\gole_\.m2\repository\org\eclipse\aether\aether-impl\0.9.0.M2\aether-impl-0.9.0.M2.jar;C:\Users\gole_\.m2\repository\org\eclipse\sisu\org.eclipse.sisu.plexus\0.0.0.M2a\org.eclipse.sisu.plexus-0.0.0.M2a.jar;C:\Users\gole_\.m2\repository\javax\enterprise\cdi-api\1.0\cdi-api-1.0.jar;C:\Users\gole_\.m2\repository\javax\annotation\jsr250-api\1.0\jsr250-api-1.0.jar;C:\Users\gole_\.m2\repository\javax\inject\javax.inject\1\javax.inject-1.jar;C:\Users\gole_\.m2\repository\org\sonatype\sisu\sisu-guice\3.1.0\sisu-guice-3.1.0-no_aop.jar;C:\Users\gole_\.m2\repository\aopalliance\aopalliance\1.0\aopalliance-1.0.jar;C:\Users\gole_\.m2\repository\org\eclipse\sisu\org.eclipse.sisu.inject\0.0.0.M2a\org.eclipse.sisu.inject-0.0.0.M2a.jar;C:\Users\gole_\.m2\repository\asm\asm\3.3.1\asm-3.3.1.jar;C:\Users\gole_\.m2\repository\org\codehaus\plexus\plexus-interpolation\1.16\plexus-interpolation-1.16.jar;C:\Users\gole_\.m2\repository\org\codehaus\plexus\plexus-classworlds\2.4.2\plexus-classworlds-2.4.2.jar;C:\Users\gole_\.m2\repository\org\codehaus\plexus\plexus-component-annotations\1.5.5\plexus-component-annotations-1.5.5.jar;C:\Users\gole_\.m2\repository\org\sonatype\plexus\plexus-sec-dispatcher\1.3\plexus-sec-dispatcher-1.3.jar;C:\Users\gole_\.m2\repository\org\sonatype\plexus\plexus-cipher\1.4\plexus-cipher-1.4.jar;C:\Users\gole_\.m2\repository\org\apache\maven\maven-plugin-api\3.1.0\maven-plugin-api-3.1.0.jar;C:\Users\gole_\.m2\repository\org\codehaus\plexus\plexus-java\1.2.0\plexus-java-1.2.0.jar;C:\Users\gole_\.m2\repository\org\ow2\asm\asm\9.6\asm-9.6.jar;C:\Users\gole_\.m2\repository\com\thoughtworks\qdox\qdox\2.0.3\qdox-2.0.3.jar;C:\Users\gole_\.m2\repository\org\apache\maven\surefire\surefire-shared-utils\3.2.5\surefire-shared-utils-3.2.5.jar;C:\Users\gole_\.m2\repository\org\testng\testng\7.9.0\testng-7.9.0.jar;C:\Users\gole_\.m2\repository\com\beust\jcommander\1.82\jcommander-1.82.jar;C:\Users\gole_\.m2\repository\org\webjars\jquery\3.7.1\jquery-3.7.1.jar;C:\Users\gole_\.m2\repository\io\github\bonigarcia\webdrivermanager\5.7.0\webdrivermanager-5.7.0.jar;C:\Users\gole_\.m2\repository\com\google\code\gson\gson\2.10.1\gson-2.10.1.jar;C:\Users\gole_\.m2\repository\com\github\docker-java\docker-java\3.3.5\docker-java-3.3.5.jar;C:\Users\gole_\.m2\repository\com\github\docker-java\docker-java-core\3.3.5\docker-java-core-3.3.5.jar;C:\Users\gole_\.m2\repository\com\github\docker-java\docker-java-api\3.3.5\docker-java-api-3.3.5.jar;C:\Users\gole_\.m2\repository\com\fasterxml\jackson\core\jackson-annotations\2.10.3\jackson-annotations-2.10.3.jar;C:\Users\gole_\.m2\repository\com\fasterxml\jackson\core\jackson-databind\2.10.3\jackson-databind-2.10.3.jar;C:\Users\gole_\.m2\repository\com\fasterxml\jackson\core\jackson-core\2.10.3\jackson-core-2.10.3.jar;C:\Users\gole_\.m2\repository\org\bouncycastle\bcpkix-jdk18on\1.76\bcpkix-jdk18on-1.76.jar;C:\Users\gole_\.m2\repository\org\bouncycastle\bcprov-jdk18on\1.76\bcprov-jdk18on-1.76.jar;C:\Users\gole_\.m2\repository\org\bouncycastle\bcutil-jdk18on\1.76\bcutil-jdk18on-1.76.jar;C:\Users\gole_\.m2\repository\org\slf4j\jcl-over-slf4j\1.7.30\jcl-over-slf4j-1.7.30.jar;C:\Users\gole_\.m2\repository\com\github\docker-java\docker-java-transport-httpclient5\3.3.5\docker-java-transport-httpclient5-3.3.5.jar;C:\Users\gole_\.m2\repository\com\github\docker-java\docker-java-transport\3.3.5\docker-java-transport-3.3.5.jar;C:\Users\gole_\.m2\repository\net\java\dev\jna\jna\5.13.0\jna-5.13.0.jar;C:\Users\gole_\.m2\repository\org\brotli\dec\0.1.2\dec-0.1.2.jar;C:\Users\gole_\.m2\repository\org\apache\commons\commons-lang3\3.14.0\commons-lang3-3.14.0.jar;C:\Users\gole_\.m2\repository\org\apache\commons\commons-compress\1.26.0\commons-compress-1.26.0.jar;C:\Users\gole_\.m2\repository\org\apache\httpcomponents\client5\httpclient5\5.2.1\httpclient5-5.2.1.jar;C:\Users\gole_\.m2\repository\org\apache\httpcomponents\core5\httpcore5\5.2\httpcore5-5.2.jar;C:\Users\gole_\.m2\repository\org\apache\httpcomponents\core5\httpcore5-h2\5.2\httpcore5-h2-5.2.jar;C:\Users\gole_\.m2\repository\com\mysql\mysql-connector-j\8.0.33\mysql-connector-j-8.0.33.jar;C:\Users\gole_\.m2\repository\com\google\protobuf\protobuf-java\3.21.9\protobuf-java-3.21.9.jar;C:\Users\gole_\.m2\repository\org\slf4j\slf4j-api\2.1.0-alpha1\slf4j-api-2.1.0-alpha1.jar;C:\Users\gole_\.m2\repository\ch\qos\logback\logback-classic\1.5.0\logback-classic-1.5.0.jar;C:\Users\gole_\.m2\repository\ch\qos\logback\logback-core\1.5.0\logback-core-1.5.0.jar;C:\Users\gole_\.m2\repository\org\apache\poi\poi-ooxml\5.2.5\poi-ooxml-5.2.5.jar;C:\Users\gole_\.m2\repository\org\apache\poi\poi-ooxml-lite\5.2.5\poi-ooxml-lite-5.2.5.jar;C:\Users\gole_\.m2\repository\org\apache\xmlbeans\xmlbeans\5.2.0\xmlbeans-5.2.0.jar;C:\Users\gole_\.m2\repository\commons-io\commons-io\2.15.0\commons-io-2.15.0.jar;C:\Users\gole_\.m2\repository\com\github\virtuald\curvesapi\1.08\curvesapi-1.08.jar;C:\Users\gole_\.m2\repository\org\apache\logging\log4j\log4j-api\2.21.1\log4j-api-2.21.1.jar;C:\Users\gole_\.m2\repository\org\apache\commons\commons-collections4\4.4\commons-collections4-4.4.jar;C:\Users\gole_\.m2\repository\org\apache\poi\poi\5.2.5\poi-5.2.5.jar;C:\Users\gole_\.m2\repository\commons-codec\commons-codec\1.16.0\commons-codec-1.16.0.jar;C:\Users\gole_\.m2\repository\org\apache\commons\commons-math3\3.6.1\commons-math3-3.6.1.jar;C:\Users\gole_\.m2\repository\com\zaxxer\SparseBitSet\1.3\SparseBitSet-1.3.jar;C:\Users\gole_\.m2\repository\org\apache\commons\commons-csv\1.10.0\commons-csv-1.10.0.jar;C:\Users\gole_\.m2\repository\com\opencsv\opencsv\5.9\opencsv-5.9.jar;C:\Users\gole_\.m2\repository\org\apache\commons\commons-text\1.11.0\commons-text-1.11.0.jar;C:\Users\gole_\.m2\repository\commons-beanutils\commons-beanutils\1.9.4\commons-beanutils-1.9.4.jar;C:\Users\gole_\.m2\repository\commons-logging\commons-logging\1.2\commons-logging-1.2.jar;C:\Users\gole_\.m2\repository\commons-collections\commons-collections\3.2.2\commons-collections-3.2.2.jar;"/>
    <property name="java.vm.vendor" value="Oracle Corporation"/>
    <property name="sun.arch.data.model" value="64"/>
    <property name="user.variant" value=""/>
    <property name="java.vendor.url" value="https://java.oracle.com/"/>
    <property name="user.timezone" value="Asia/Singapore"/>
    <property name="os.name" value="Windows 10"/>
    <property name="java.vm.specification.version" value="21"/>
    <property name="sun.java.launcher" value="SUN_STANDARD"/>
    <property name="user.country" value="SG"/>
    <property name="sun.boot.library.path" value="C:\Program Files\Java\jdk-21\bin"/>
    <property name="sun.java.command" value="C:\Users\gole_\AppData\Local\Temp\surefire4155793892550500000\surefirebooter-20240304200030857_3.jar C:\Users\gole_\AppData\Local\Temp\surefire4155793892550500000 2024-03-04T20-00-30_458-jvmRun1 surefire-20240304200030857_1tmp surefire_0-20240304200030857_2tmp"/>
    <property name="jdk.debug" value="release"/>
    <property name="surefire.test.class.path" value="C:\Users\gole_\OneDrive\Documents\new Govtech\GovTechOpenheimer\target\test-classes;C:\Users\gole_\OneDrive\Documents\new Govtech\GovTechOpenheimer\target\classes;C:\Users\gole_\.m2\repository\junit\junit\3.8.1\junit-3.8.1.jar;C:\Users\gole_\.m2\repository\org\seleniumhq\selenium\selenium-java\4.11.0\selenium-java-4.11.0.jar;C:\Users\gole_\.m2\repository\org\seleniumhq\selenium\selenium-api\4.11.0\selenium-api-4.11.0.jar;C:\Users\gole_\.m2\repository\org\seleniumhq\selenium\selenium-chrome-driver\4.11.0\selenium-chrome-driver-4.11.0.jar;C:\Users\gole_\.m2\repository\com\google\auto\service\auto-service-annotations\1.0.1\auto-service-annotations-1.0.1.jar;C:\Users\gole_\.m2\repository\com\google\guava\guava\31.1-jre\guava-31.1-jre.jar;C:\Users\gole_\.m2\repository\com\google\guava\failureaccess\1.0.1\failureaccess-1.0.1.jar;C:\Users\gole_\.m2\repository\com\google\guava\listenablefuture\9999.0-empty-to-avoid-conflict-with-guava\listenablefuture-9999.0-empty-to-avoid-conflict-with-guava.jar;C:\Users\gole_\.m2\repository\com\google\code\findbugs\jsr305\3.0.2\jsr305-3.0.2.jar;C:\Users\gole_\.m2\repository\org\checkerframework\checker-qual\3.12.0\checker-qual-3.12.0.jar;C:\Users\gole_\.m2\repository\com\google\errorprone\error_prone_annotations\2.11.0\error_prone_annotations-2.11.0.jar;C:\Users\gole_\.m2\repository\com\google\j2objc\j2objc-annotations\1.3\j2objc-annotations-1.3.jar;C:\Users\gole_\.m2\repository\org\seleniumhq\selenium\selenium-chromium-driver\4.11.0\selenium-chromium-driver-4.11.0.jar;C:\Users\gole_\.m2\repository\org\seleniumhq\selenium\selenium-json\4.11.0\selenium-json-4.11.0.jar;C:\Users\gole_\.m2\repository\org\seleniumhq\selenium\selenium-manager\4.11.0\selenium-manager-4.11.0.jar;C:\Users\gole_\.m2\repository\org\seleniumhq\selenium\selenium-devtools-v113\4.11.0\selenium-devtools-v113-4.11.0.jar;C:\Users\gole_\.m2\repository\org\seleniumhq\selenium\selenium-devtools-v114\4.11.0\selenium-devtools-v114-4.11.0.jar;C:\Users\gole_\.m2\repository\org\seleniumhq\selenium\selenium-devtools-v115\4.11.0\selenium-devtools-v115-4.11.0.jar;C:\Users\gole_\.m2\repository\org\seleniumhq\selenium\selenium-devtools-v85\4.11.0\selenium-devtools-v85-4.11.0.jar;C:\Users\gole_\.m2\repository\org\seleniumhq\selenium\selenium-edge-driver\4.11.0\selenium-edge-driver-4.11.0.jar;C:\Users\gole_\.m2\repository\org\seleniumhq\selenium\selenium-firefox-driver\4.11.0\selenium-firefox-driver-4.11.0.jar;C:\Users\gole_\.m2\repository\org\seleniumhq\selenium\selenium-http\4.11.0\selenium-http-4.11.0.jar;C:\Users\gole_\.m2\repository\dev\failsafe\failsafe\3.3.1\failsafe-3.3.1.jar;C:\Users\gole_\.m2\repository\org\seleniumhq\selenium\selenium-ie-driver\4.11.0\selenium-ie-driver-4.11.0.jar;C:\Users\gole_\.m2\repository\org\seleniumhq\selenium\selenium-remote-driver\4.11.0\selenium-remote-driver-4.11.0.jar;C:\Users\gole_\.m2\repository\io\netty\netty-buffer\4.1.92.Final\netty-buffer-4.1.92.Final.jar;C:\Users\gole_\.m2\repository\io\netty\netty-codec-http\4.1.92.Final\netty-codec-http-4.1.92.Final.jar;C:\Users\gole_\.m2\repository\io\netty\netty-codec\4.1.92.Final\netty-codec-4.1.92.Final.jar;C:\Users\gole_\.m2\repository\io\netty\netty-handler\4.1.92.Final\netty-handler-4.1.92.Final.jar;C:\Users\gole_\.m2\repository\io\netty\netty-common\4.1.92.Final\netty-common-4.1.92.Final.jar;C:\Users\gole_\.m2\repository\io\netty\netty-transport-classes-epoll\4.1.92.Final\netty-transport-classes-epoll-4.1.92.Final.jar;C:\Users\gole_\.m2\repository\io\netty\netty-transport-classes-kqueue\4.1.92.Final\netty-transport-classes-kqueue-4.1.92.Final.jar;C:\Users\gole_\.m2\repository\io\netty\netty-transport-native-epoll\4.1.92.Final\netty-transport-native-epoll-4.1.92.Final.jar;C:\Users\gole_\.m2\repository\io\netty\netty-transport-native-kqueue\4.1.92.Final\netty-transport-native-kqueue-4.1.92.Final.jar;C:\Users\gole_\.m2\repository\io\netty\netty-transport-native-unix-common\4.1.92.Final\netty-transport-native-unix-common-4.1.92.Final.jar;C:\Users\gole_\.m2\repository\io\netty\netty-transport\4.1.92.Final\netty-transport-4.1.92.Final.jar;C:\Users\gole_\.m2\repository\io\netty\netty-resolver\4.1.92.Final\netty-resolver-4.1.92.Final.jar;C:\Users\gole_\.m2\repository\io\opentelemetry\opentelemetry-api\1.26.0\opentelemetry-api-1.26.0.jar;C:\Users\gole_\.m2\repository\io\opentelemetry\opentelemetry-context\1.26.0\opentelemetry-context-1.26.0.jar;C:\Users\gole_\.m2\repository\io\opentelemetry\opentelemetry-exporter-logging\1.26.0\opentelemetry-exporter-logging-1.26.0.jar;C:\Users\gole_\.m2\repository\io\opentelemetry\opentelemetry-sdk-metrics\1.26.0\opentelemetry-sdk-metrics-1.26.0.jar;C:\Users\gole_\.m2\repository\io\opentelemetry\opentelemetry-extension-incubator\1.26.0-alpha\opentelemetry-extension-incubator-1.26.0-alpha.jar;C:\Users\gole_\.m2\repository\io\opentelemetry\opentelemetry-sdk-logs\1.26.0-alpha\opentelemetry-sdk-logs-1.26.0-alpha.jar;C:\Users\gole_\.m2\repository\io\opentelemetry\opentelemetry-api-logs\1.26.0-alpha\opentelemetry-api-logs-1.26.0-alpha.jar;C:\Users\gole_\.m2\repository\io\opentelemetry\opentelemetry-api-events\1.26.0-alpha\opentelemetry-api-events-1.26.0-alpha.jar;C:\Users\gole_\.m2\repository\io\opentelemetry\opentelemetry-sdk-common\1.26.0\opentelemetry-sdk-common-1.26.0.jar;C:\Users\gole_\.m2\repository\io\opentelemetry\opentelemetry-sdk-extension-autoconfigure-spi\1.26.0\opentelemetry-sdk-extension-autoconfigure-spi-1.26.0.jar;C:\Users\gole_\.m2\repository\io\opentelemetry\opentelemetry-sdk-extension-autoconfigure\1.26.0-alpha\opentelemetry-sdk-extension-autoconfigure-1.26.0-alpha.jar;C:\Users\gole_\.m2\repository\io\opentelemetry\opentelemetry-sdk-trace\1.26.0\opentelemetry-sdk-trace-1.26.0.jar;C:\Users\gole_\.m2\repository\io\opentelemetry\opentelemetry-sdk\1.26.0\opentelemetry-sdk-1.26.0.jar;C:\Users\gole_\.m2\repository\io\opentelemetry\opentelemetry-semconv\1.26.0-alpha\opentelemetry-semconv-1.26.0-alpha.jar;C:\Users\gole_\.m2\repository\net\bytebuddy\byte-buddy\1.14.4\byte-buddy-1.14.4.jar;C:\Users\gole_\.m2\repository\org\apache\commons\commons-exec\1.3\commons-exec-1.3.jar;C:\Users\gole_\.m2\repository\org\asynchttpclient\async-http-client\2.12.3\async-http-client-2.12.3.jar;C:\Users\gole_\.m2\repository\org\asynchttpclient\async-http-client-netty-utils\2.12.3\async-http-client-netty-utils-2.12.3.jar;C:\Users\gole_\.m2\repository\io\netty\netty-codec-socks\4.1.60.Final\netty-codec-socks-4.1.60.Final.jar;C:\Users\gole_\.m2\repository\io\netty\netty-handler-proxy\4.1.60.Final\netty-handler-proxy-4.1.60.Final.jar;C:\Users\gole_\.m2\repository\io\netty\netty-transport-native-epoll\4.1.60.Final\netty-transport-native-epoll-4.1.60.Final-linux-x86_64.jar;C:\Users\gole_\.m2\repository\io\netty\netty-transport-native-kqueue\4.1.60.Final\netty-transport-native-kqueue-4.1.60.Final-osx-x86_64.jar;C:\Users\gole_\.m2\repository\org\reactivestreams\reactive-streams\1.0.3\reactive-streams-1.0.3.jar;C:\Users\gole_\.m2\repository\com\typesafe\netty\netty-reactive-streams\2.0.4\netty-reactive-streams-2.0.4.jar;C:\Users\gole_\.m2\repository\com\sun\activation\jakarta.activation\1.2.2\jakarta.activation-1.2.2.jar;C:\Users\gole_\.m2\repository\org\seleniumhq\selenium\selenium-safari-driver\4.11.0\selenium-safari-driver-4.11.0.jar;C:\Users\gole_\.m2\repository\org\seleniumhq\selenium\selenium-support\4.11.0\selenium-support-4.11.0.jar;C:\Users\gole_\.m2\repository\org\apache\maven\plugins\maven-surefire-plugin\3.2.5\maven-surefire-plugin-3.2.5.jar;C:\Users\gole_\.m2\repository\org\apache\maven\surefire\maven-surefire-common\3.2.5\maven-surefire-common-3.2.5.jar;C:\Users\gole_\.m2\repository\org\apache\maven\surefire\surefire-api\3.2.5\surefire-api-3.2.5.jar;C:\Users\gole_\.m2\repository\org\apache\maven\surefire\surefire-logger-api\3.2.5\surefire-logger-api-3.2.5.jar;C:\Users\gole_\.m2\repository\org\apache\maven\surefire\surefire-extensions-api\3.2.5\surefire-extensions-api-3.2.5.jar;C:\Users\gole_\.m2\repository\org\apache\maven\surefire\surefire-booter\3.2.5\surefire-booter-3.2.5.jar;C:\Users\gole_\.m2\repository\org\apache\maven\surefire\surefire-extensions-spi\3.2.5\surefire-extensions-spi-3.2.5.jar;C:\Users\gole_\.m2\repository\org\eclipse\aether\aether-util\1.0.0.v20140518\aether-util-1.0.0.v20140518.jar;C:\Users\gole_\.m2\repository\org\eclipse\aether\aether-api\1.0.0.v20140518\aether-api-1.0.0.v20140518.jar;C:\Users\gole_\.m2\repository\org\apache\maven\shared\maven-common-artifact-filters\3.1.1\maven-common-artifact-filters-3.1.1.jar;C:\Users\gole_\.m2\repository\org\apache\maven\maven-artifact\3.1.0\maven-artifact-3.1.0.jar;C:\Users\gole_\.m2\repository\org\codehaus\plexus\plexus-utils\3.0.10\plexus-utils-3.0.10.jar;C:\Users\gole_\.m2\repository\org\apache\maven\maven-core\3.1.0\maven-core-3.1.0.jar;C:\Users\gole_\.m2\repository\org\apache\maven\maven-settings\3.1.0\maven-settings-3.1.0.jar;C:\Users\gole_\.m2\repository\org\apache\maven\maven-settings-builder\3.1.0\maven-settings-builder-3.1.0.jar;C:\Users\gole_\.m2\repository\org\apache\maven\maven-repository-metadata\3.1.0\maven-repository-metadata-3.1.0.jar;C:\Users\gole_\.m2\repository\org\apache\maven\maven-model-builder\3.1.0\maven-model-builder-3.1.0.jar;C:\Users\gole_\.m2\repository\org\apache\maven\maven-aether-provider\3.1.0\maven-aether-provider-3.1.0.jar;C:\Users\gole_\.m2\repository\org\eclipse\aether\aether-spi\0.9.0.M2\aether-spi-0.9.0.M2.jar;C:\Users\gole_\.m2\repository\org\eclipse\aether\aether-impl\0.9.0.M2\aether-impl-0.9.0.M2.jar;C:\Users\gole_\.m2\repository\org\eclipse\sisu\org.eclipse.sisu.plexus\0.0.0.M2a\org.eclipse.sisu.plexus-0.0.0.M2a.jar;C:\Users\gole_\.m2\repository\javax\enterprise\cdi-api\1.0\cdi-api-1.0.jar;C:\Users\gole_\.m2\repository\javax\annotation\jsr250-api\1.0\jsr250-api-1.0.jar;C:\Users\gole_\.m2\repository\javax\inject\javax.inject\1\javax.inject-1.jar;C:\Users\gole_\.m2\repository\org\sonatype\sisu\sisu-guice\3.1.0\sisu-guice-3.1.0-no_aop.jar;C:\Users\gole_\.m2\repository\aopalliance\aopalliance\1.0\aopalliance-1.0.jar;C:\Users\gole_\.m2\repository\org\eclipse\sisu\org.eclipse.sisu.inject\0.0.0.M2a\org.eclipse.sisu.inject-0.0.0.M2a.jar;C:\Users\gole_\.m2\repository\asm\asm\3.3.1\asm-3.3.1.jar;C:\Users\gole_\.m2\repository\org\codehaus\plexus\plexus-interpolation\1.16\plexus-interpolation-1.16.jar;C:\Users\gole_\.m2\repository\org\codehaus\plexus\plexus-classworlds\2.4.2\plexus-classworlds-2.4.2.jar;C:\Users\gole_\.m2\repository\org\codehaus\plexus\plexus-component-annotations\1.5.5\plexus-component-annotations-1.5.5.jar;C:\Users\gole_\.m2\repository\org\sonatype\plexus\plexus-sec-dispatcher\1.3\plexus-sec-dispatcher-1.3.jar;C:\Users\gole_\.m2\repository\org\sonatype\plexus\plexus-cipher\1.4\plexus-cipher-1.4.jar;C:\Users\gole_\.m2\repository\org\apache\maven\maven-plugin-api\3.1.0\maven-plugin-api-3.1.0.jar;C:\Users\gole_\.m2\repository\org\codehaus\plexus\plexus-java\1.2.0\plexus-java-1.2.0.jar;C:\Users\gole_\.m2\repository\org\ow2\asm\asm\9.6\asm-9.6.jar;C:\Users\gole_\.m2\repository\com\thoughtworks\qdox\qdox\2.0.3\qdox-2.0.3.jar;C:\Users\gole_\.m2\repository\org\apache\maven\surefire\surefire-shared-utils\3.2.5\surefire-shared-utils-3.2.5.jar;C:\Users\gole_\.m2\repository\org\testng\testng\7.9.0\testng-7.9.0.jar;C:\Users\gole_\.m2\repository\com\beust\jcommander\1.82\jcommander-1.82.jar;C:\Users\gole_\.m2\repository\org\webjars\jquery\3.7.1\jquery-3.7.1.jar;C:\Users\gole_\.m2\repository\io\github\bonigarcia\webdrivermanager\5.7.0\webdrivermanager-5.7.0.jar;C:\Users\gole_\.m2\repository\com\google\code\gson\gson\2.10.1\gson-2.10.1.jar;C:\Users\gole_\.m2\repository\com\github\docker-java\docker-java\3.3.5\docker-java-3.3.5.jar;C:\Users\gole_\.m2\repository\com\github\docker-java\docker-java-core\3.3.5\docker-java-core-3.3.5.jar;C:\Users\gole_\.m2\repository\com\github\docker-java\docker-java-api\3.3.5\docker-java-api-3.3.5.jar;C:\Users\gole_\.m2\repository\com\fasterxml\jackson\core\jackson-annotations\2.10.3\jackson-annotations-2.10.3.jar;C:\Users\gole_\.m2\repository\com\fasterxml\jackson\core\jackson-databind\2.10.3\jackson-databind-2.10.3.jar;C:\Users\gole_\.m2\repository\com\fasterxml\jackson\core\jackson-core\2.10.3\jackson-core-2.10.3.jar;C:\Users\gole_\.m2\repository\org\bouncycastle\bcpkix-jdk18on\1.76\bcpkix-jdk18on-1.76.jar;C:\Users\gole_\.m2\repository\org\bouncycastle\bcprov-jdk18on\1.76\bcprov-jdk18on-1.76.jar;C:\Users\gole_\.m2\repository\org\bouncycastle\bcutil-jdk18on\1.76\bcutil-jdk18on-1.76.jar;C:\Users\gole_\.m2\repository\org\slf4j\jcl-over-slf4j\1.7.30\jcl-over-slf4j-1.7.30.jar;C:\Users\gole_\.m2\repository\com\github\docker-java\docker-java-transport-httpclient5\3.3.5\docker-java-transport-httpclient5-3.3.5.jar;C:\Users\gole_\.m2\repository\com\github\docker-java\docker-java-transport\3.3.5\docker-java-transport-3.3.5.jar;C:\Users\gole_\.m2\repository\net\java\dev\jna\jna\5.13.0\jna-5.13.0.jar;C:\Users\gole_\.m2\repository\org\brotli\dec\0.1.2\dec-0.1.2.jar;C:\Users\gole_\.m2\repository\org\apache\commons\commons-lang3\3.14.0\commons-lang3-3.14.0.jar;C:\Users\gole_\.m2\repository\org\apache\commons\commons-compress\1.26.0\commons-compress-1.26.0.jar;C:\Users\gole_\.m2\repository\org\apache\httpcomponents\client5\httpclient5\5.2.1\httpclient5-5.2.1.jar;C:\Users\gole_\.m2\repository\org\apache\httpcomponents\core5\httpcore5\5.2\httpcore5-5.2.jar;C:\Users\gole_\.m2\repository\org\apache\httpcomponents\core5\httpcore5-h2\5.2\httpcore5-h2-5.2.jar;C:\Users\gole_\.m2\repository\com\mysql\mysql-connector-j\8.0.33\mysql-connector-j-8.0.33.jar;C:\Users\gole_\.m2\repository\com\google\protobuf\protobuf-java\3.21.9\protobuf-java-3.21.9.jar;C:\Users\gole_\.m2\repository\org\slf4j\slf4j-api\2.1.0-alpha1\slf4j-api-2.1.0-alpha1.jar;C:\Users\gole_\.m2\repository\ch\qos\logback\logback-classic\1.5.0\logback-classic-1.5.0.jar;C:\Users\gole_\.m2\repository\ch\qos\logback\logback-core\1.5.0\logback-core-1.5.0.jar;C:\Users\gole_\.m2\repository\org\apache\poi\poi-ooxml\5.2.5\poi-ooxml-5.2.5.jar;C:\Users\gole_\.m2\repository\org\apache\poi\poi-ooxml-lite\5.2.5\poi-ooxml-lite-5.2.5.jar;C:\Users\gole_\.m2\repository\org\apache\xmlbeans\xmlbeans\5.2.0\xmlbeans-5.2.0.jar;C:\Users\gole_\.m2\repository\commons-io\commons-io\2.15.0\commons-io-2.15.0.jar;C:\Users\gole_\.m2\repository\com\github\virtuald\curvesapi\1.08\curvesapi-1.08.jar;C:\Users\gole_\.m2\repository\org\apache\logging\log4j\log4j-api\2.21.1\log4j-api-2.21.1.jar;C:\Users\gole_\.m2\repository\org\apache\commons\commons-collections4\4.4\commons-collections4-4.4.jar;C:\Users\gole_\.m2\repository\org\apache\poi\poi\5.2.5\poi-5.2.5.jar;C:\Users\gole_\.m2\repository\commons-codec\commons-codec\1.16.0\commons-codec-1.16.0.jar;C:\Users\gole_\.m2\repository\org\apache\commons\commons-math3\3.6.1\commons-math3-3.6.1.jar;C:\Users\gole_\.m2\repository\com\zaxxer\SparseBitSet\1.3\SparseBitSet-1.3.jar;C:\Users\gole_\.m2\repository\org\apache\commons\commons-csv\1.10.0\commons-csv-1.10.0.jar;C:\Users\gole_\.m2\repository\com\opencsv\opencsv\5.9\opencsv-5.9.jar;C:\Users\gole_\.m2\repository\org\apache\commons\commons-text\1.11.0\commons-text-1.11.0.jar;C:\Users\gole_\.m2\repository\commons-beanutils\commons-beanutils\1.9.4\commons-beanutils-1.9.4.jar;C:\Users\gole_\.m2\repository\commons-logging\commons-logging\1.2\commons-logging-1.2.jar;C:\Users\gole_\.m2\repository\commons-collections\commons-collections\3.2.2\commons-collections-3.2.2.jar;"/>
    <property name="sun.cpu.endian" value="little"/>
    <property name="user.home" value="C:\Users\gole_"/>
    <property name="user.language" value="en"/>
    <property name="java.specification.vendor" value="Oracle Corporation"/>
    <property name="java.version.date" value="2024-01-16"/>
    <property name="java.home" value="C:\Program Files\Java\jdk-21"/>
    <property name="file.separator" value="\"/>
    <property name="basedir" value="C:\Users\gole_\OneDrive\Documents\new Govtech\GovTechOpenheimer"/>
    <property name="style.color" value="always"/>
    <property name="java.vm.compressedOopsMode" value="32-bit"/>
    <property name="line.separator" value="&#10;"/>
    <property name="java.vm.specification.vendor" value="Oracle Corporation"/>
    <property name="java.specification.name" value="Java Platform API Specification"/>
    <property name="surefire.real.class.path" value="C:\Users\gole_\AppData\Local\Temp\surefire4155793892550500000\surefirebooter-20240304200030857_3.jar"/>
    <property name="user.script" value=""/>
    <property name="sun.management.compiler" value="HotSpot 64-Bit Tiered Compilers"/>
    <property name="java.runtime.version" value="21.0.2+13-LTS-58"/>
    <property name="user.name" value="gole_"/>
    <property name="stdout.encoding" value="Cp1252"/>
    <property name="path.separator" value=";"/>
    <property name="os.version" value="10.0"/>
    <property name="java.runtime.name" value="Java(TM) SE Runtime Environment"/>
    <property name="file.encoding" value="UTF-8"/>
    <property name="java.vm.name" value="Java HotSpot(TM) 64-Bit Server VM"/>
    <property name="localRepository" value="C:\Users\gole_\.m2\repository"/>
    <property name="java.vendor.url.bug" value="https://bugreport.java.com/bugreport/"/>
    <property name="java.io.tmpdir" value="C:\Users\gole_\AppData\Local\Temp\"/>
    <property name="java.version" value="21.0.2"/>
    <property name="user.dir" value="C:\Users\gole_\OneDrive\Documents\new Govtech\GovTechOpenheimer"/>
    <property name="os.arch" value="amd64"/>
    <property name="java.vm.specification.name" value="Java Virtual Machine Specification"/>
    <property name="sun.os.patch.level" value=""/>
    <property name="native.encoding" value="Cp1252"/>
    <property name="java.library.path" value="C:\Program Files\Java\jdk-21\bin;C:\WINDOWS\Sun\Java\bin;C:\WINDOWS\system32;C:\WINDOWS;C:\Program Files\Common Files\Oracle\Java\javapath;C:\WINDOWS\system32;C:\WINDOWS;C:\WINDOWS\System32\Wbem;C:\WINDOWS\System32\WindowsPowerShell\v1.0\;C:\WINDOWS\System32\OpenSSH\;C:\Maven\apache-maven-3.6.3\bin\;C:\Program Files\Java\jdk-21\bin;;C:\Program Files\Docker\Docker\resources\bin;C:\Users\gole_\AppData\Local\Microsoft\WindowsApps;C:\Users\gole_\AppData\Local\Programs\Fiddler;;."/>
    <property name="java.vm.info" value="mixed mode, sharing"/>
    <property name="stderr.encoding" value="Cp1252"/>
    <property name="java.vendor" value="Oracle Corporation"/>
    <property name="java.vm.version" value="21.0.2+13-LTS-58"/>
    <property name="sun.io.unicode.encoding" value="UnicodeLittle"/>
    <property name="java.class.version" value="65.0"/>
  </properties>
  <testcase name="navigateToFileUpload" classname="QEChallenge.ClerkHomePageTest" time="0.522">
    <system-out><![CDATA[pass1
pass1
pass1
pass2
20:00:32.787 [main] DEBUG io.netty.util.internal.logging.InternalLoggerFactory -- Using SLF4J as the default logging framework
20:00:32.803 [main] DEBUG io.netty.util.ResourceLeakDetector -- -Dio.netty.leakDetection.level: simple
20:00:32.803 [main] DEBUG io.netty.util.ResourceLeakDetector -- -Dio.netty.leakDetection.targetRecords: 4
20:00:32.814 [main] DEBUG io.netty.util.ResourceLeakDetectorFactory -- Loaded default ResourceLeakDetector: io.netty.util.ResourceLeakDetector@45efd90f
20:00:32.855 [main] DEBUG io.netty.util.internal.PlatformDependent0 -- -Dio.netty.noUnsafe: false
20:00:32.855 [main] DEBUG io.netty.util.internal.PlatformDependent0 -- Java version: 21
20:00:32.859 [main] DEBUG io.netty.util.internal.PlatformDependent0 -- sun.misc.Unsafe.theUnsafe: available
20:00:32.860 [main] DEBUG io.netty.util.internal.PlatformDependent0 -- sun.misc.Unsafe.copyMemory: available
20:00:32.861 [main] DEBUG io.netty.util.internal.PlatformDependent0 -- sun.misc.Unsafe.storeFence: available
20:00:32.864 [main] DEBUG io.netty.util.internal.PlatformDependent0 -- java.nio.Buffer.address: available
20:00:32.866 [main] DEBUG io.netty.util.internal.PlatformDependent0 -- direct buffer constructor: unavailable: java.nio.DirectByteBuffer.<init>(long,int)
20:00:32.867 [main] DEBUG io.netty.util.internal.PlatformDependent0 -- java.nio.Bits.unaligned: available, true
20:00:32.869 [main] DEBUG io.netty.util.internal.PlatformDependent0 -- jdk.internal.misc.Unsafe.allocateUninitializedArray(int): unavailable: class io.netty.util.internal.PlatformDependent0$7 cannot access class jdk.internal.misc.Unsafe (in module java.base) because module java.base does not export jdk.internal.misc to unnamed module @6379eb
20:00:32.872 [main] DEBUG io.netty.util.internal.PlatformDependent0 -- java.nio.DirectByteBuffer.<init>(long, int): unavailable
20:00:32.873 [main] DEBUG io.netty.util.internal.PlatformDependent -- sun.misc.Unsafe: available
20:00:32.875 [main] DEBUG io.netty.util.internal.PlatformDependent -- maxDirectMemory: 2126512128 bytes (maybe)
20:00:32.876 [main] DEBUG io.netty.util.internal.PlatformDependent -- -Dio.netty.tmpdir: C:\Users\gole_\AppData\Local\Temp (java.io.tmpdir)
20:00:32.876 [main] DEBUG io.netty.util.internal.PlatformDependent -- -Dio.netty.bitMode: 64 (sun.arch.data.model)
20:00:32.877 [main] DEBUG io.netty.util.internal.PlatformDependent -- Platform: Windows
20:00:32.880 [main] DEBUG io.netty.util.internal.PlatformDependent -- -Dio.netty.maxDirectMemory: -1 bytes
20:00:32.889 [main] DEBUG io.netty.util.internal.PlatformDependent -- -Dio.netty.uninitializedArrayAllocationThreshold: -1
20:00:32.897 [main] DEBUG io.netty.util.internal.CleanerJava9 -- java.nio.ByteBuffer.cleaner(): available
20:00:32.899 [main] DEBUG io.netty.util.internal.PlatformDependent -- -Dio.netty.noPreferDirect: false
20:00:32.921 [main] DEBUG io.netty.util.internal.PlatformDependent -- org.jctools-core.MpscChunkedArrayQueue: available
20:00:32.969 [main] DEBUG io.netty.util.internal.InternalThreadLocalMap -- -Dio.netty.threadLocalMap.stringBuilder.initialSize: 1024
20:00:32.969 [main] DEBUG io.netty.util.internal.InternalThreadLocalMap -- -Dio.netty.threadLocalMap.stringBuilder.maxSize: 4096
20:00:33.437 [main] DEBUG io.netty.handler.ssl.JdkSslContext -- Default protocols (JDK): [TLSv1.3, TLSv1.2] 
20:00:33.437 [main] DEBUG io.netty.handler.ssl.JdkSslContext -- Default cipher suites (JDK): [TLS_ECDHE_ECDSA_WITH_AES_256_GCM_SHA384, TLS_ECDHE_ECDSA_WITH_AES_128_GCM_SHA256, TLS_ECDHE_RSA_WITH_AES_128_GCM_SHA256, TLS_ECDHE_RSA_WITH_AES_256_GCM_SHA384, TLS_ECDHE_RSA_WITH_AES_128_CBC_SHA, TLS_ECDHE_RSA_WITH_AES_256_CBC_SHA, TLS_RSA_WITH_AES_128_GCM_SHA256, TLS_RSA_WITH_AES_128_CBC_SHA, TLS_RSA_WITH_AES_256_CBC_SHA, TLS_AES_128_GCM_SHA256, TLS_AES_256_GCM_SHA384]
20:00:33.464 [main] DEBUG io.netty.util.concurrent.GlobalEventExecutor -- -Dio.netty.globalEventExecutor.quietPeriodSeconds: 1
20:00:33.489 [main] DEBUG io.netty.channel.MultithreadEventLoopGroup -- -Dio.netty.eventLoopThreads: 8
20:00:33.507 [main] DEBUG io.netty.channel.nio.NioEventLoop -- -Dio.netty.noKeySetOptimization: false
20:00:33.507 [main] DEBUG io.netty.channel.nio.NioEventLoop -- -Dio.netty.selectorAutoRebuildThreshold: 512
20:00:33.598 [main] DEBUG io.netty.buffer.PooledByteBufAllocator -- -Dio.netty.allocator.numHeapArenas: 8
20:00:33.599 [main] DEBUG io.netty.buffer.PooledByteBufAllocator -- -Dio.netty.allocator.numDirectArenas: 8
20:00:33.599 [main] DEBUG io.netty.buffer.PooledByteBufAllocator -- -Dio.netty.allocator.pageSize: 8192
20:00:33.599 [main] DEBUG io.netty.buffer.PooledByteBufAllocator -- -Dio.netty.allocator.maxOrder: 9
20:00:33.599 [main] DEBUG io.netty.buffer.PooledByteBufAllocator -- -Dio.netty.allocator.chunkSize: 4194304
20:00:33.599 [main] DEBUG io.netty.buffer.PooledByteBufAllocator -- -Dio.netty.allocator.smallCacheSize: 256
20:00:33.599 [main] DEBUG io.netty.buffer.PooledByteBufAllocator -- -Dio.netty.allocator.normalCacheSize: 64
20:00:33.599 [main] DEBUG io.netty.buffer.PooledByteBufAllocator -- -Dio.netty.allocator.maxCachedBufferCapacity: 32768
20:00:33.599 [main] DEBUG io.netty.buffer.PooledByteBufAllocator -- -Dio.netty.allocator.cacheTrimInterval: 8192
20:00:33.599 [main] DEBUG io.netty.buffer.PooledByteBufAllocator -- -Dio.netty.allocator.cacheTrimIntervalMillis: 0
20:00:33.600 [main] DEBUG io.netty.buffer.PooledByteBufAllocator -- -Dio.netty.allocator.useCacheForAllThreads: false
20:00:33.600 [main] DEBUG io.netty.buffer.PooledByteBufAllocator -- -Dio.netty.allocator.maxCachedByteBuffersPerChunk: 1023
20:00:33.620 [main] DEBUG io.netty.buffer.ByteBufUtil -- -Dio.netty.allocator.type: pooled
20:00:33.620 [main] DEBUG io.netty.buffer.ByteBufUtil -- -Dio.netty.threadLocalDirectBufferSize: 0
20:00:33.620 [main] DEBUG io.netty.buffer.ByteBufUtil -- -Dio.netty.maxThreadLocalCharBufferSize: 16384
20:00:34.102 [Forwarding newSession on session null to remote] DEBUG io.netty.channel.DefaultChannelId -- -Dio.netty.processId: 16024 (auto-detected)
20:00:34.104 [Forwarding newSession on session null to remote] DEBUG io.netty.util.NetUtil -- -Djava.net.preferIPv4Stack: false
20:00:34.105 [Forwarding newSession on session null to remote] DEBUG io.netty.util.NetUtil -- -Djava.net.preferIPv6Addresses: false
20:00:34.107 [Forwarding newSession on session null to remote] DEBUG io.netty.util.NetUtilInitializations -- Loopback interface: loopback_0 (Software Loopback Interface 1, 0:0:0:0:0:0:0:1)
20:00:34.109 [Forwarding newSession on session null to remote] DEBUG io.netty.util.NetUtil -- Failed to get SOMAXCONN from sysctl and file \proc\sys\net\core\somaxconn. Default: 200
20:00:34.111 [Forwarding newSession on session null to remote] DEBUG io.netty.channel.DefaultChannelId -- -Dio.netty.machineId: f0:6e:0b:ff:fe:d2:1c:12 (auto-detected)
20:00:34.181 [AsyncHttpClient-1-2] DEBUG io.netty.buffer.AbstractByteBuf -- -Dio.netty.buffer.checkAccessible: true
20:00:34.181 [AsyncHttpClient-1-2] DEBUG io.netty.buffer.AbstractByteBuf -- -Dio.netty.buffer.checkBounds: true
20:00:34.181 [AsyncHttpClient-1-2] DEBUG io.netty.util.ResourceLeakDetectorFactory -- Loaded default ResourceLeakDetector: io.netty.util.ResourceLeakDetector@7f8f85aa
20:00:34.209 [AsyncHttpClient-1-2] DEBUG org.asynchttpclient.netty.channel.NettyConnectListener -- Using new Channel '[id: 0xe95a5adb, L:/127.0.0.1:58757 - R:localhost/127.0.0.1:34652]' for 'POST' to '/session'
20:00:34.243 [AsyncHttpClient-1-2] DEBUG io.netty.util.Recycler -- -Dio.netty.recycler.maxCapacityPerThread: 4096
20:00:34.243 [AsyncHttpClient-1-2] DEBUG io.netty.util.Recycler -- -Dio.netty.recycler.ratio: 8
20:00:34.243 [AsyncHttpClient-1-2] DEBUG io.netty.util.Recycler -- -Dio.netty.recycler.chunkSize: 32
20:00:34.243 [AsyncHttpClient-1-2] DEBUG io.netty.util.Recycler -- -Dio.netty.recycler.blocking: false
20:00:34.243 [AsyncHttpClient-1-2] DEBUG io.netty.util.Recycler -- -Dio.netty.recycler.batchFastThreadLocalOnly: true
20:00:35.496 [AsyncHttpClient-1-2] DEBUG io.netty.handler.codec.compression.Brotli -- brotli4j not in the classpath; Brotli support will be unavailable.
20:00:35.496 [AsyncHttpClient-1-2] DEBUG org.asynchttpclient.netty.handler.HttpHandler -- 

Request DefaultHttpRequest(decodeResult: success, version: HTTP/1.1)
POST /session HTTP/1.1
User-Agent: selenium/4.11.0 (java windows)
Content-Length: 254
Content-Type: application/json; charset=utf-8
host: localhost:34652
accept: */*

Response DefaultHttpResponse(decodeResult: success, version: HTTP/1.1)
HTTP/1.1 200 OK
Content-Length: 881
Content-Type: application/json; charset=utf-8
cache-control: no-cache

20:00:35.512 [AsyncHttpClient-1-2] DEBUG org.asynchttpclient.netty.channel.ChannelManager -- Adding key: http://localhost:34652 for channel [id: 0xe95a5adb, L:/127.0.0.1:58757 - R:localhost/127.0.0.1:34652]
20:00:35.636 [AsyncHttpClient-1-1] DEBUG org.asynchttpclient.netty.channel.DefaultChannelPool -- Entry count for : http://localhost:34652 : 1
20:00:35.696 [AsyncHttpClient-1-3] DEBUG org.asynchttpclient.netty.channel.NettyConnectListener -- Using new Channel '[id: 0x06e248dc, L:/127.0.0.1:58765 - R:localhost/127.0.0.1:58758]' for 'GET' to '/json/version'
20:00:35.707 [AsyncHttpClient-1-3] DEBUG org.asynchttpclient.netty.handler.HttpHandler -- 

Request DefaultFullHttpRequest(decodeResult: success, version: HTTP/1.1, content: EmptyByteBufBE)
GET /json/version HTTP/1.1
User-Agent: selenium/4.11.0 (java windows)
host: localhost:58758
accept: */*

Response DefaultHttpResponse(decodeResult: success, version: HTTP/1.1)
HTTP/1.1 200 OK
Content-Security-Policy: frame-ancestors 'none'
Content-Length: 423
Content-Type: application/json; charset=UTF-8

20:00:35.708 [AsyncHttpClient-1-3] DEBUG org.asynchttpclient.netty.channel.ChannelManager -- Adding key: http://localhost:58758 for channel [id: 0x06e248dc, L:/127.0.0.1:58765 - R:localhost/127.0.0.1:58758]
20:00:35.731 [main] DEBUG io.netty.util.internal.ThreadLocalRandom -- -Dio.netty.initialSeedUniquifier: 0x0653794954cf6568
20:00:35.742 [AsyncHttpClient-1-4] DEBUG org.asynchttpclient.netty.channel.NettyConnectListener -- Using new Channel '[id: 0x6d3f78fb, L:/127.0.0.1:58766 - R:localhost/127.0.0.1:58758]' for 'GET' to '/devtools/browser/1e17c1f3-cdd7-49c5-9d64-5f9261543fe9'
20:00:35.747 [AsyncHttpClient-1-4] DEBUG org.asynchttpclient.netty.handler.WebSocketHandler -- 

Request DefaultFullHttpRequest(decodeResult: success, version: HTTP/1.1, content: EmptyByteBufBE)
GET /devtools/browser/1e17c1f3-cdd7-49c5-9d64-5f9261543fe9 HTTP/1.1
upgrade: websocket
connection: upgrade
sec-websocket-key: AHbYz+cXgKXQir24mhrbHA==
sec-websocket-version: 13
origin: http://localhost:58758
host: localhost:58758
accept: */*
user-agent: AHC/2.1

Response DefaultHttpResponse(decodeResult: success, version: HTTP/1.1)
HTTP/1.1 101 WebSocket Protocol Handshake
Upgrade: WebSocket
Connection: Upgrade
Sec-WebSocket-Accept: 2QMhvU6o+Oh5nVxtgM9/Szi8Keg=

20:00:35.860 [Forwarding setTimeout on session 039be1c37d1a223b9de673cbe7afa4c0 to remote] DEBUG org.asynchttpclient.netty.request.NettyRequestSender -- Using pooled Channel '[id: 0xe95a5adb, L:/127.0.0.1:58757 - R:localhost/127.0.0.1:34652]' for 'POST' to 'http://localhost:34652/session/039be1c37d1a223b9de673cbe7afa4c0/timeouts'
20:00:35.861 [Forwarding setTimeout on session 039be1c37d1a223b9de673cbe7afa4c0 to remote] DEBUG org.asynchttpclient.netty.request.NettyRequestSender -- Using open Channel [id: 0xe95a5adb, L:/127.0.0.1:58757 - R:localhost/127.0.0.1:34652] for POST '/session/039be1c37d1a223b9de673cbe7afa4c0/timeouts'
20:00:35.869 [AsyncHttpClient-1-2] DEBUG org.asynchttpclient.netty.handler.HttpHandler -- 

Request DefaultHttpRequest(decodeResult: success, version: HTTP/1.1)
POST /session/039be1c37d1a223b9de673cbe7afa4c0/timeouts HTTP/1.1
User-Agent: selenium/4.11.0 (java windows)
Content-Length: 23
Content-Type: application/json; charset=utf-8
host: localhost:34652
accept: */*

Response DefaultHttpResponse(decodeResult: success, version: HTTP/1.1)
HTTP/1.1 200 OK
Content-Length: 14
Content-Type: application/json; charset=utf-8
cache-control: no-cache

20:00:35.869 [AsyncHttpClient-1-2] DEBUG org.asynchttpclient.netty.channel.ChannelManager -- Adding key: http://localhost:34652 for channel [id: 0xe95a5adb, L:/127.0.0.1:58757 - R:localhost/127.0.0.1:34652]
20:00:35.874 [Forwarding maximizeCurrentWindow on session 039be1c37d1a223b9de673cbe7afa4c0 to remote] DEBUG org.asynchttpclient.netty.request.NettyRequestSender -- Using pooled Channel '[id: 0xe95a5adb, L:/127.0.0.1:58757 - R:localhost/127.0.0.1:34652]' for 'POST' to 'http://localhost:34652/session/039be1c37d1a223b9de673cbe7afa4c0/window/maximize'
20:00:35.874 [Forwarding maximizeCurrentWindow on session 039be1c37d1a223b9de673cbe7afa4c0 to remote] DEBUG org.asynchttpclient.netty.request.NettyRequestSender -- Using open Channel [id: 0xe95a5adb, L:/127.0.0.1:58757 - R:localhost/127.0.0.1:34652] for POST '/session/039be1c37d1a223b9de673cbe7afa4c0/window/maximize'
20:00:36.063 [AsyncHttpClient-1-2] DEBUG org.asynchttpclient.netty.handler.HttpHandler -- 

Request DefaultHttpRequest(decodeResult: success, version: HTTP/1.1)
POST /session/039be1c37d1a223b9de673cbe7afa4c0/window/maximize HTTP/1.1
User-Agent: selenium/4.11.0 (java windows)
Content-Length: 3
Content-Type: application/json; charset=utf-8
host: localhost:34652
accept: */*

Response DefaultHttpResponse(decodeResult: success, version: HTTP/1.1)
HTTP/1.1 200 OK
Content-Length: 51
Content-Type: application/json; charset=utf-8
cache-control: no-cache

20:00:36.064 [AsyncHttpClient-1-2] DEBUG org.asynchttpclient.netty.channel.ChannelManager -- Adding key: http://localhost:34652 for channel [id: 0xe95a5adb, L:/127.0.0.1:58757 - R:localhost/127.0.0.1:34652]
20:00:36.078 [Forwarding get on session 039be1c37d1a223b9de673cbe7afa4c0 to remote] DEBUG org.asynchttpclient.netty.request.NettyRequestSender -- Using pooled Channel '[id: 0xe95a5adb, L:/127.0.0.1:58757 - R:localhost/127.0.0.1:34652]' for 'POST' to 'http://localhost:34652/session/039be1c37d1a223b9de673cbe7afa4c0/url'
20:00:36.079 [Forwarding get on session 039be1c37d1a223b9de673cbe7afa4c0 to remote] DEBUG org.asynchttpclient.netty.request.NettyRequestSender -- Using open Channel [id: 0xe95a5adb, L:/127.0.0.1:58757 - R:localhost/127.0.0.1:34652] for POST '/session/039be1c37d1a223b9de673cbe7afa4c0/url'
20:00:36.547 [AsyncHttpClient-1-2] DEBUG org.asynchttpclient.netty.handler.HttpHandler -- 

Request DefaultHttpRequest(decodeResult: success, version: HTTP/1.1)
POST /session/039be1c37d1a223b9de673cbe7afa4c0/url HTTP/1.1
User-Agent: selenium/4.11.0 (java windows)
Content-Length: 57
Content-Type: application/json; charset=utf-8
host: localhost:34652
accept: */*

Response DefaultHttpResponse(decodeResult: success, version: HTTP/1.1)
HTTP/1.1 200 OK
Content-Length: 14
Content-Type: application/json; charset=utf-8
cache-control: no-cache

20:00:36.548 [AsyncHttpClient-1-2] DEBUG org.asynchttpclient.netty.channel.ChannelManager -- Adding key: http://localhost:34652 for channel [id: 0xe95a5adb, L:/127.0.0.1:58757 - R:localhost/127.0.0.1:34652]
20:00:36.746 [AsyncHttpClient-1-1] DEBUG org.asynchttpclient.netty.channel.DefaultChannelPool -- Entry count for : http://localhost:34652 : 1
20:00:36.746 [AsyncHttpClient-1-1] DEBUG org.asynchttpclient.netty.channel.DefaultChannelPool -- Entry count for : http://localhost:58758 : 1
pass1
pass1
20:00:37.365 [Forwarding findElement on session 039be1c37d1a223b9de673cbe7afa4c0 to remote] DEBUG org.asynchttpclient.netty.request.NettyRequestSender -- Using pooled Channel '[id: 0xe95a5adb, L:/127.0.0.1:58757 - R:localhost/127.0.0.1:34652]' for 'POST' to 'http://localhost:34652/session/039be1c37d1a223b9de673cbe7afa4c0/element'
20:00:37.365 [Forwarding findElement on session 039be1c37d1a223b9de673cbe7afa4c0 to remote] DEBUG org.asynchttpclient.netty.request.NettyRequestSender -- Using open Channel [id: 0xe95a5adb, L:/127.0.0.1:58757 - R:localhost/127.0.0.1:34652] for POST '/session/039be1c37d1a223b9de673cbe7afa4c0/element'
20:00:37.382 [AsyncHttpClient-1-2] DEBUG org.asynchttpclient.netty.handler.HttpHandler -- 

Request DefaultHttpRequest(decodeResult: success, version: HTTP/1.1)
POST /session/039be1c37d1a223b9de673cbe7afa4c0/element HTTP/1.1
User-Agent: selenium/4.11.0 (java windows)
Content-Length: 58
Content-Type: application/json; charset=utf-8
host: localhost:34652
accept: */*

Response DefaultHttpResponse(decodeResult: success, version: HTTP/1.1)
HTTP/1.1 200 OK
Content-Length: 125
Content-Type: application/json; charset=utf-8
cache-control: no-cache

20:00:37.383 [AsyncHttpClient-1-2] DEBUG org.asynchttpclient.netty.channel.ChannelManager -- Adding key: http://localhost:34652 for channel [id: 0xe95a5adb, L:/127.0.0.1:58757 - R:localhost/127.0.0.1:34652]
20:00:37.401 [Forwarding sendKeysToElement on session 039be1c37d1a223b9de673cbe7afa4c0 to remote] DEBUG org.asynchttpclient.netty.request.NettyRequestSender -- Using pooled Channel '[id: 0xe95a5adb, L:/127.0.0.1:58757 - R:localhost/127.0.0.1:34652]' for 'POST' to 'http://localhost:34652/session/039be1c37d1a223b9de673cbe7afa4c0/element/f.70FF09E366C47DF36DBF077F68649410.d.DF73F2F8248A595B44D1A5285A752D5E.e.2/value'
20:00:37.402 [Forwarding sendKeysToElement on session 039be1c37d1a223b9de673cbe7afa4c0 to remote] DEBUG org.asynchttpclient.netty.request.NettyRequestSender -- Using open Channel [id: 0xe95a5adb, L:/127.0.0.1:58757 - R:localhost/127.0.0.1:34652] for POST '/session/039be1c37d1a223b9de673cbe7afa4c0/element/f.70FF09E366C47DF36DBF077F68649410.d.DF73F2F8248A595B44D1A5285A752D5E.e.2/value'
20:00:37.475 [AsyncHttpClient-1-2] DEBUG org.asynchttpclient.netty.handler.HttpHandler -- 

Request DefaultHttpRequest(decodeResult: success, version: HTTP/1.1)
POST /session/039be1c37d1a223b9de673cbe7afa4c0/element/f.70FF09E366C47DF36DBF077F68649410.d.DF73F2F8248A595B44D1A5285A752D5E.e.2/value HTTP/1.1
User-Agent: selenium/4.11.0 (java windows)
Content-Length: 168
Content-Type: application/json; charset=utf-8
host: localhost:34652
accept: */*

Response DefaultHttpResponse(decodeResult: success, version: HTTP/1.1)
HTTP/1.1 200 OK
Content-Length: 14
Content-Type: application/json; charset=utf-8
cache-control: no-cache

20:00:37.476 [AsyncHttpClient-1-2] DEBUG org.asynchttpclient.netty.channel.ChannelManager -- Adding key: http://localhost:34652 for channel [id: 0xe95a5adb, L:/127.0.0.1:58757 - R:localhost/127.0.0.1:34652]
20:00:37.481 [Forwarding findElement on session 039be1c37d1a223b9de673cbe7afa4c0 to remote] DEBUG org.asynchttpclient.netty.request.NettyRequestSender -- Using pooled Channel '[id: 0xe95a5adb, L:/127.0.0.1:58757 - R:localhost/127.0.0.1:34652]' for 'POST' to 'http://localhost:34652/session/039be1c37d1a223b9de673cbe7afa4c0/element'
20:00:37.482 [Forwarding findElement on session 039be1c37d1a223b9de673cbe7afa4c0 to remote] DEBUG org.asynchttpclient.netty.request.NettyRequestSender -- Using open Channel [id: 0xe95a5adb, L:/127.0.0.1:58757 - R:localhost/127.0.0.1:34652] for POST '/session/039be1c37d1a223b9de673cbe7afa4c0/element'
20:00:37.513 [AsyncHttpClient-1-2] DEBUG org.asynchttpclient.netty.handler.HttpHandler -- 

Request DefaultHttpRequest(decodeResult: success, version: HTTP/1.1)
POST /session/039be1c37d1a223b9de673cbe7afa4c0/element HTTP/1.1
User-Agent: selenium/4.11.0 (java windows)
Content-Length: 58
Content-Type: application/json; charset=utf-8
host: localhost:34652
accept: */*

Response DefaultHttpResponse(decodeResult: success, version: HTTP/1.1)
HTTP/1.1 200 OK
Content-Length: 125
Content-Type: application/json; charset=utf-8
cache-control: no-cache

20:00:37.513 [AsyncHttpClient-1-2] DEBUG org.asynchttpclient.netty.channel.ChannelManager -- Adding key: http://localhost:34652 for channel [id: 0xe95a5adb, L:/127.0.0.1:58757 - R:localhost/127.0.0.1:34652]
20:00:37.515 [Forwarding sendKeysToElement on session 039be1c37d1a223b9de673cbe7afa4c0 to remote] DEBUG org.asynchttpclient.netty.request.NettyRequestSender -- Using pooled Channel '[id: 0xe95a5adb, L:/127.0.0.1:58757 - R:localhost/127.0.0.1:34652]' for 'POST' to 'http://localhost:34652/session/039be1c37d1a223b9de673cbe7afa4c0/element/f.70FF09E366C47DF36DBF077F68649410.d.DF73F2F8248A595B44D1A5285A752D5E.e.3/value'
20:00:37.516 [Forwarding sendKeysToElement on session 039be1c37d1a223b9de673cbe7afa4c0 to remote] DEBUG org.asynchttpclient.netty.request.NettyRequestSender -- Using open Channel [id: 0xe95a5adb, L:/127.0.0.1:58757 - R:localhost/127.0.0.1:34652] for POST '/session/039be1c37d1a223b9de673cbe7afa4c0/element/f.70FF09E366C47DF36DBF077F68649410.d.DF73F2F8248A595B44D1A5285A752D5E.e.3/value'
20:00:37.592 [AsyncHttpClient-1-2] DEBUG org.asynchttpclient.netty.handler.HttpHandler -- 

Request DefaultHttpRequest(decodeResult: success, version: HTTP/1.1)
POST /session/039be1c37d1a223b9de673cbe7afa4c0/element/f.70FF09E366C47DF36DBF077F68649410.d.DF73F2F8248A595B44D1A5285A752D5E.e.3/value HTTP/1.1
User-Agent: selenium/4.11.0 (java windows)
Content-Length: 168
Content-Type: application/json; charset=utf-8
host: localhost:34652
accept: */*

Response DefaultHttpResponse(decodeResult: success, version: HTTP/1.1)
HTTP/1.1 200 OK
Content-Length: 14
Content-Type: application/json; charset=utf-8
cache-control: no-cache

20:00:37.593 [AsyncHttpClient-1-2] DEBUG org.asynchttpclient.netty.channel.ChannelManager -- Adding key: http://localhost:34652 for channel [id: 0xe95a5adb, L:/127.0.0.1:58757 - R:localhost/127.0.0.1:34652]
20:00:37.595 [Forwarding findElement on session 039be1c37d1a223b9de673cbe7afa4c0 to remote] DEBUG org.asynchttpclient.netty.request.NettyRequestSender -- Using pooled Channel '[id: 0xe95a5adb, L:/127.0.0.1:58757 - R:localhost/127.0.0.1:34652]' for 'POST' to 'http://localhost:34652/session/039be1c37d1a223b9de673cbe7afa4c0/element'
20:00:37.595 [Forwarding findElement on session 039be1c37d1a223b9de673cbe7afa4c0 to remote] DEBUG org.asynchttpclient.netty.request.NettyRequestSender -- Using open Channel [id: 0xe95a5adb, L:/127.0.0.1:58757 - R:localhost/127.0.0.1:34652] for POST '/session/039be1c37d1a223b9de673cbe7afa4c0/element'
20:00:37.610 [AsyncHttpClient-1-2] DEBUG org.asynchttpclient.netty.handler.HttpHandler -- 

Request DefaultHttpRequest(decodeResult: success, version: HTTP/1.1)
POST /session/039be1c37d1a223b9de673cbe7afa4c0/element HTTP/1.1
User-Agent: selenium/4.11.0 (java windows)
Content-Length: 70
Content-Type: application/json; charset=utf-8
host: localhost:34652
accept: */*

Response DefaultHttpResponse(decodeResult: success, version: HTTP/1.1)
HTTP/1.1 200 OK
Content-Length: 125
Content-Type: application/json; charset=utf-8
cache-control: no-cache

20:00:37.610 [AsyncHttpClient-1-2] DEBUG org.asynchttpclient.netty.channel.ChannelManager -- Adding key: http://localhost:34652 for channel [id: 0xe95a5adb, L:/127.0.0.1:58757 - R:localhost/127.0.0.1:34652]
20:00:37.613 [Forwarding clickElement on session 039be1c37d1a223b9de673cbe7afa4c0 to remote] DEBUG org.asynchttpclient.netty.request.NettyRequestSender -- Using pooled Channel '[id: 0xe95a5adb, L:/127.0.0.1:58757 - R:localhost/127.0.0.1:34652]' for 'POST' to 'http://localhost:34652/session/039be1c37d1a223b9de673cbe7afa4c0/element/f.70FF09E366C47DF36DBF077F68649410.d.DF73F2F8248A595B44D1A5285A752D5E.e.4/click'
20:00:37.613 [Forwarding clickElement on session 039be1c37d1a223b9de673cbe7afa4c0 to remote] DEBUG org.asynchttpclient.netty.request.NettyRequestSender -- Using open Channel [id: 0xe95a5adb, L:/127.0.0.1:58757 - R:localhost/127.0.0.1:34652] for POST '/session/039be1c37d1a223b9de673cbe7afa4c0/element/f.70FF09E366C47DF36DBF077F68649410.d.DF73F2F8248A595B44D1A5285A752D5E.e.4/click'
20:00:37.848 [AsyncHttpClient-1-1] DEBUG org.asynchttpclient.netty.channel.DefaultChannelPool -- Entry count for : http://localhost:58758 : 1
20:00:38.095 [AsyncHttpClient-1-2] DEBUG org.asynchttpclient.netty.handler.HttpHandler -- 

Request DefaultHttpRequest(decodeResult: success, version: HTTP/1.1)
POST /session/039be1c37d1a223b9de673cbe7afa4c0/element/f.70FF09E366C47DF36DBF077F68649410.d.DF73F2F8248A595B44D1A5285A752D5E.e.4/click HTTP/1.1
User-Agent: selenium/4.11.0 (java windows)
Content-Length: 87
Content-Type: application/json; charset=utf-8
host: localhost:34652
accept: */*

Response DefaultHttpResponse(decodeResult: success, version: HTTP/1.1)
HTTP/1.1 200 OK
Content-Length: 14
Content-Type: application/json; charset=utf-8
cache-control: no-cache

20:00:38.097 [AsyncHttpClient-1-2] DEBUG org.asynchttpclient.netty.channel.ChannelManager -- Adding key: http://localhost:34652 for channel [id: 0xe95a5adb, L:/127.0.0.1:58757 - R:localhost/127.0.0.1:34652]
pass1
passed
pass2
20:00:38.324 [AsyncHttpClient-1-5] DEBUG org.asynchttpclient.netty.channel.NettyConnectListener -- Using new Channel '[id: 0x37be3a14, L:/127.0.0.1:58781 - R:localhost/127.0.0.1:33054]' for 'POST' to '/session'
20:00:39.031 [AsyncHttpClient-1-1] DEBUG org.asynchttpclient.netty.channel.DefaultChannelPool -- Entry count for : http://localhost:34652 : 1
20:00:39.032 [AsyncHttpClient-1-1] DEBUG org.asynchttpclient.netty.channel.DefaultChannelPool -- Entry count for : http://localhost:58758 : 1
20:00:39.614 [AsyncHttpClient-1-5] DEBUG org.asynchttpclient.netty.handler.HttpHandler -- 

Request DefaultHttpRequest(decodeResult: success, version: HTTP/1.1)
POST /session HTTP/1.1
User-Agent: selenium/4.11.0 (java windows)
Content-Length: 254
Content-Type: application/json; charset=utf-8
host: localhost:33054
accept: */*

Response DefaultHttpResponse(decodeResult: success, version: HTTP/1.1)
HTTP/1.1 200 OK
Content-Length: 879
Content-Type: application/json; charset=utf-8
cache-control: no-cache

20:00:39.615 [AsyncHttpClient-1-5] DEBUG org.asynchttpclient.netty.channel.ChannelManager -- Adding key: http://localhost:33054 for channel [id: 0x37be3a14, L:/127.0.0.1:58781 - R:localhost/127.0.0.1:33054]
20:00:39.659 [AsyncHttpClient-1-6] DEBUG org.asynchttpclient.netty.channel.NettyConnectListener -- Using new Channel '[id: 0x84b3a09b, L:/127.0.0.1:58788 - R:localhost/127.0.0.1:58782]' for 'GET' to '/json/version'
20:00:39.669 [AsyncHttpClient-1-6] DEBUG org.asynchttpclient.netty.handler.HttpHandler -- 

Request DefaultFullHttpRequest(decodeResult: success, version: HTTP/1.1, content: EmptyByteBufBE)
GET /json/version HTTP/1.1
User-Agent: selenium/4.11.0 (java windows)
host: localhost:58782
accept: */*

Response DefaultHttpResponse(decodeResult: success, version: HTTP/1.1)
HTTP/1.1 200 OK
Content-Security-Policy: frame-ancestors 'none'
Content-Length: 423
Content-Type: application/json; charset=UTF-8

20:00:39.669 [AsyncHttpClient-1-6] DEBUG org.asynchttpclient.netty.channel.ChannelManager -- Adding key: http://localhost:58782 for channel [id: 0x84b3a09b, L:/127.0.0.1:58788 - R:localhost/127.0.0.1:58782]
20:00:39.676 [AsyncHttpClient-1-7] DEBUG org.asynchttpclient.netty.channel.NettyConnectListener -- Using new Channel '[id: 0x00e2c012, L:/127.0.0.1:58789 - R:localhost/127.0.0.1:58782]' for 'GET' to '/devtools/browser/d576afbf-398b-48aa-b2cd-d09fc3f07598'
20:00:39.680 [AsyncHttpClient-1-7] DEBUG org.asynchttpclient.netty.handler.WebSocketHandler -- 

Request DefaultFullHttpRequest(decodeResult: success, version: HTTP/1.1, content: EmptyByteBufBE)
GET /devtools/browser/d576afbf-398b-48aa-b2cd-d09fc3f07598 HTTP/1.1
upgrade: websocket
connection: upgrade
sec-websocket-key: DIWReaDsWKxDGkEzPfgikw==
sec-websocket-version: 13
origin: http://localhost:58782
host: localhost:58782
accept: */*
user-agent: AHC/2.1

Response DefaultHttpResponse(decodeResult: success, version: HTTP/1.1)
HTTP/1.1 101 WebSocket Protocol Handshake
Upgrade: WebSocket
Connection: Upgrade
Sec-WebSocket-Accept: hOTf0KDuvQg4fvOa7hQnGRJfS9k=

20:00:39.695 [Forwarding setTimeout on session 2c7af2bcf516fb6a169f82a1fd7b0dfa to remote] DEBUG org.asynchttpclient.netty.request.NettyRequestSender -- Using pooled Channel '[id: 0x37be3a14, L:/127.0.0.1:58781 - R:localhost/127.0.0.1:33054]' for 'POST' to 'http://localhost:33054/session/2c7af2bcf516fb6a169f82a1fd7b0dfa/timeouts'
20:00:39.696 [Forwarding setTimeout on session 2c7af2bcf516fb6a169f82a1fd7b0dfa to remote] DEBUG org.asynchttpclient.netty.request.NettyRequestSender -- Using open Channel [id: 0x37be3a14, L:/127.0.0.1:58781 - R:localhost/127.0.0.1:33054] for POST '/session/2c7af2bcf516fb6a169f82a1fd7b0dfa/timeouts'
20:00:39.699 [AsyncHttpClient-1-5] DEBUG org.asynchttpclient.netty.handler.HttpHandler -- 

Request DefaultHttpRequest(decodeResult: success, version: HTTP/1.1)
POST /session/2c7af2bcf516fb6a169f82a1fd7b0dfa/timeouts HTTP/1.1
User-Agent: selenium/4.11.0 (java windows)
Content-Length: 23
Content-Type: application/json; charset=utf-8
host: localhost:33054
accept: */*

Response DefaultHttpResponse(decodeResult: success, version: HTTP/1.1)
HTTP/1.1 200 OK
Content-Length: 14
Content-Type: application/json; charset=utf-8
cache-control: no-cache

20:00:39.700 [AsyncHttpClient-1-5] DEBUG org.asynchttpclient.netty.channel.ChannelManager -- Adding key: http://localhost:33054 for channel [id: 0x37be3a14, L:/127.0.0.1:58781 - R:localhost/127.0.0.1:33054]
20:00:39.708 [Forwarding maximizeCurrentWindow on session 2c7af2bcf516fb6a169f82a1fd7b0dfa to remote] DEBUG org.asynchttpclient.netty.request.NettyRequestSender -- Using pooled Channel '[id: 0x37be3a14, L:/127.0.0.1:58781 - R:localhost/127.0.0.1:33054]' for 'POST' to 'http://localhost:33054/session/2c7af2bcf516fb6a169f82a1fd7b0dfa/window/maximize'
20:00:39.709 [Forwarding maximizeCurrentWindow on session 2c7af2bcf516fb6a169f82a1fd7b0dfa to remote] DEBUG org.asynchttpclient.netty.request.NettyRequestSender -- Using open Channel [id: 0x37be3a14, L:/127.0.0.1:58781 - R:localhost/127.0.0.1:33054] for POST '/session/2c7af2bcf516fb6a169f82a1fd7b0dfa/window/maximize'
20:00:39.956 [AsyncHttpClient-1-5] DEBUG org.asynchttpclient.netty.handler.HttpHandler -- 

Request DefaultHttpRequest(decodeResult: success, version: HTTP/1.1)
POST /session/2c7af2bcf516fb6a169f82a1fd7b0dfa/window/maximize HTTP/1.1
User-Agent: selenium/4.11.0 (java windows)
Content-Length: 3
Content-Type: application/json; charset=utf-8
host: localhost:33054
accept: */*

Response DefaultHttpResponse(decodeResult: success, version: HTTP/1.1)
HTTP/1.1 200 OK
Content-Length: 51
Content-Type: application/json; charset=utf-8
cache-control: no-cache

20:00:39.958 [AsyncHttpClient-1-5] DEBUG org.asynchttpclient.netty.channel.ChannelManager -- Adding key: http://localhost:33054 for channel [id: 0x37be3a14, L:/127.0.0.1:58781 - R:localhost/127.0.0.1:33054]
20:00:39.974 [Forwarding get on session 2c7af2bcf516fb6a169f82a1fd7b0dfa to remote] DEBUG org.asynchttpclient.netty.request.NettyRequestSender -- Using pooled Channel '[id: 0x37be3a14, L:/127.0.0.1:58781 - R:localhost/127.0.0.1:33054]' for 'POST' to 'http://localhost:33054/session/2c7af2bcf516fb6a169f82a1fd7b0dfa/url'
20:00:39.975 [Forwarding get on session 2c7af2bcf516fb6a169f82a1fd7b0dfa to remote] DEBUG org.asynchttpclient.netty.request.NettyRequestSender -- Using open Channel [id: 0x37be3a14, L:/127.0.0.1:58781 - R:localhost/127.0.0.1:33054] for POST '/session/2c7af2bcf516fb6a169f82a1fd7b0dfa/url'
20:00:40.066 [AsyncHttpClient-1-1] DEBUG org.asynchttpclient.netty.channel.DefaultChannelPool -- Entry count for : http://localhost:58782 : 1
20:00:40.067 [AsyncHttpClient-1-1] DEBUG org.asynchttpclient.netty.channel.DefaultChannelPool -- Entry count for : http://localhost:34652 : 1
20:00:40.067 [AsyncHttpClient-1-1] DEBUG org.asynchttpclient.netty.channel.DefaultChannelPool -- Entry count for : http://localhost:58758 : 1
20:00:40.549 [AsyncHttpClient-1-5] DEBUG org.asynchttpclient.netty.handler.HttpHandler -- 

Request DefaultHttpRequest(decodeResult: success, version: HTTP/1.1)
POST /session/2c7af2bcf516fb6a169f82a1fd7b0dfa/url HTTP/1.1
User-Agent: selenium/4.11.0 (java windows)
Content-Length: 57
Content-Type: application/json; charset=utf-8
host: localhost:33054
accept: */*

Response DefaultHttpResponse(decodeResult: success, version: HTTP/1.1)
HTTP/1.1 200 OK
Content-Length: 14
Content-Type: application/json; charset=utf-8
cache-control: no-cache

20:00:40.550 [AsyncHttpClient-1-5] DEBUG org.asynchttpclient.netty.channel.ChannelManager -- Adding key: http://localhost:33054 for channel [id: 0x37be3a14, L:/127.0.0.1:58781 - R:localhost/127.0.0.1:33054]
pass1
20:00:40.555 [Forwarding findElement on session 2c7af2bcf516fb6a169f82a1fd7b0dfa to remote] DEBUG org.asynchttpclient.netty.request.NettyRequestSender -- Using pooled Channel '[id: 0x37be3a14, L:/127.0.0.1:58781 - R:localhost/127.0.0.1:33054]' for 'POST' to 'http://localhost:33054/session/2c7af2bcf516fb6a169f82a1fd7b0dfa/element'
20:00:40.556 [Forwarding findElement on session 2c7af2bcf516fb6a169f82a1fd7b0dfa to remote] DEBUG org.asynchttpclient.netty.request.NettyRequestSender -- Using open Channel [id: 0x37be3a14, L:/127.0.0.1:58781 - R:localhost/127.0.0.1:33054] for POST '/session/2c7af2bcf516fb6a169f82a1fd7b0dfa/element'
20:00:40.585 [AsyncHttpClient-1-5] DEBUG org.asynchttpclient.netty.handler.HttpHandler -- 

Request DefaultHttpRequest(decodeResult: success, version: HTTP/1.1)
POST /session/2c7af2bcf516fb6a169f82a1fd7b0dfa/element HTTP/1.1
User-Agent: selenium/4.11.0 (java windows)
Content-Length: 58
Content-Type: application/json; charset=utf-8
host: localhost:33054
accept: */*

Response DefaultHttpResponse(decodeResult: success, version: HTTP/1.1)
HTTP/1.1 200 OK
Content-Length: 125
Content-Type: application/json; charset=utf-8
cache-control: no-cache

20:00:40.586 [AsyncHttpClient-1-5] DEBUG org.asynchttpclient.netty.channel.ChannelManager -- Adding key: http://localhost:33054 for channel [id: 0x37be3a14, L:/127.0.0.1:58781 - R:localhost/127.0.0.1:33054]
20:00:40.592 [Forwarding sendKeysToElement on session 2c7af2bcf516fb6a169f82a1fd7b0dfa to remote] DEBUG org.asynchttpclient.netty.request.NettyRequestSender -- Using pooled Channel '[id: 0x37be3a14, L:/127.0.0.1:58781 - R:localhost/127.0.0.1:33054]' for 'POST' to 'http://localhost:33054/session/2c7af2bcf516fb6a169f82a1fd7b0dfa/element/f.8FE6458FFB41D3A91193F5868861B3E5.d.6421A8F12E973F1D010E545AE0CAC9F5.e.2/value'
20:00:40.592 [Forwarding sendKeysToElement on session 2c7af2bcf516fb6a169f82a1fd7b0dfa to remote] DEBUG org.asynchttpclient.netty.request.NettyRequestSender -- Using open Channel [id: 0x37be3a14, L:/127.0.0.1:58781 - R:localhost/127.0.0.1:33054] for POST '/session/2c7af2bcf516fb6a169f82a1fd7b0dfa/element/f.8FE6458FFB41D3A91193F5868861B3E5.d.6421A8F12E973F1D010E545AE0CAC9F5.e.2/value'
20:00:40.727 [AsyncHttpClient-1-5] DEBUG org.asynchttpclient.netty.handler.HttpHandler -- 

Request DefaultHttpRequest(decodeResult: success, version: HTTP/1.1)
POST /session/2c7af2bcf516fb6a169f82a1fd7b0dfa/element/f.8FE6458FFB41D3A91193F5868861B3E5.d.6421A8F12E973F1D010E545AE0CAC9F5.e.2/value HTTP/1.1
User-Agent: selenium/4.11.0 (java windows)
Content-Length: 168
Content-Type: application/json; charset=utf-8
host: localhost:33054
accept: */*

Response DefaultHttpResponse(decodeResult: success, version: HTTP/1.1)
HTTP/1.1 200 OK
Content-Length: 14
Content-Type: application/json; charset=utf-8
cache-control: no-cache

20:00:40.728 [AsyncHttpClient-1-5] DEBUG org.asynchttpclient.netty.channel.ChannelManager -- Adding key: http://localhost:33054 for channel [id: 0x37be3a14, L:/127.0.0.1:58781 - R:localhost/127.0.0.1:33054]
20:00:40.730 [Forwarding findElement on session 2c7af2bcf516fb6a169f82a1fd7b0dfa to remote] DEBUG org.asynchttpclient.netty.request.NettyRequestSender -- Using pooled Channel '[id: 0x37be3a14, L:/127.0.0.1:58781 - R:localhost/127.0.0.1:33054]' for 'POST' to 'http://localhost:33054/session/2c7af2bcf516fb6a169f82a1fd7b0dfa/element'
20:00:40.730 [Forwarding findElement on session 2c7af2bcf516fb6a169f82a1fd7b0dfa to remote] DEBUG org.asynchttpclient.netty.request.NettyRequestSender -- Using open Channel [id: 0x37be3a14, L:/127.0.0.1:58781 - R:localhost/127.0.0.1:33054] for POST '/session/2c7af2bcf516fb6a169f82a1fd7b0dfa/element'
20:00:40.778 [AsyncHttpClient-1-5] DEBUG org.asynchttpclient.netty.handler.HttpHandler -- 

Request DefaultHttpRequest(decodeResult: success, version: HTTP/1.1)
POST /session/2c7af2bcf516fb6a169f82a1fd7b0dfa/element HTTP/1.1
User-Agent: selenium/4.11.0 (java windows)
Content-Length: 58
Content-Type: application/json; charset=utf-8
host: localhost:33054
accept: */*

Response DefaultHttpResponse(decodeResult: success, version: HTTP/1.1)
HTTP/1.1 200 OK
Content-Length: 125
Content-Type: application/json; charset=utf-8
cache-control: no-cache

20:00:40.779 [AsyncHttpClient-1-5] DEBUG org.asynchttpclient.netty.channel.ChannelManager -- Adding key: http://localhost:33054 for channel [id: 0x37be3a14, L:/127.0.0.1:58781 - R:localhost/127.0.0.1:33054]
20:00:40.783 [Forwarding sendKeysToElement on session 2c7af2bcf516fb6a169f82a1fd7b0dfa to remote] DEBUG org.asynchttpclient.netty.request.NettyRequestSender -- Using pooled Channel '[id: 0x37be3a14, L:/127.0.0.1:58781 - R:localhost/127.0.0.1:33054]' for 'POST' to 'http://localhost:33054/session/2c7af2bcf516fb6a169f82a1fd7b0dfa/element/f.8FE6458FFB41D3A91193F5868861B3E5.d.6421A8F12E973F1D010E545AE0CAC9F5.e.3/value'
20:00:40.783 [Forwarding sendKeysToElement on session 2c7af2bcf516fb6a169f82a1fd7b0dfa to remote] DEBUG org.asynchttpclient.netty.request.NettyRequestSender -- Using open Channel [id: 0x37be3a14, L:/127.0.0.1:58781 - R:localhost/127.0.0.1:33054] for POST '/session/2c7af2bcf516fb6a169f82a1fd7b0dfa/element/f.8FE6458FFB41D3A91193F5868861B3E5.d.6421A8F12E973F1D010E545AE0CAC9F5.e.3/value'
20:00:40.983 [AsyncHttpClient-1-5] DEBUG org.asynchttpclient.netty.handler.HttpHandler -- 

Request DefaultHttpRequest(decodeResult: success, version: HTTP/1.1)
POST /session/2c7af2bcf516fb6a169f82a1fd7b0dfa/element/f.8FE6458FFB41D3A91193F5868861B3E5.d.6421A8F12E973F1D010E545AE0CAC9F5.e.3/value HTTP/1.1
User-Agent: selenium/4.11.0 (java windows)
Content-Length: 168
Content-Type: application/json; charset=utf-8
host: localhost:33054
accept: */*

Response DefaultHttpResponse(decodeResult: success, version: HTTP/1.1)
HTTP/1.1 200 OK
Content-Length: 14
Content-Type: application/json; charset=utf-8
cache-control: no-cache

20:00:40.984 [AsyncHttpClient-1-5] DEBUG org.asynchttpclient.netty.channel.ChannelManager -- Adding key: http://localhost:33054 for channel [id: 0x37be3a14, L:/127.0.0.1:58781 - R:localhost/127.0.0.1:33054]
20:00:40.992 [Forwarding findElement on session 2c7af2bcf516fb6a169f82a1fd7b0dfa to remote] DEBUG org.asynchttpclient.netty.request.NettyRequestSender -- Using pooled Channel '[id: 0x37be3a14, L:/127.0.0.1:58781 - R:localhost/127.0.0.1:33054]' for 'POST' to 'http://localhost:33054/session/2c7af2bcf516fb6a169f82a1fd7b0dfa/element'
20:00:40.992 [Forwarding findElement on session 2c7af2bcf516fb6a169f82a1fd7b0dfa to remote] DEBUG org.asynchttpclient.netty.request.NettyRequestSender -- Using open Channel [id: 0x37be3a14, L:/127.0.0.1:58781 - R:localhost/127.0.0.1:33054] for POST '/session/2c7af2bcf516fb6a169f82a1fd7b0dfa/element'
20:00:41.045 [AsyncHttpClient-1-5] DEBUG org.asynchttpclient.netty.handler.HttpHandler -- 

Request DefaultHttpRequest(decodeResult: success, version: HTTP/1.1)
POST /session/2c7af2bcf516fb6a169f82a1fd7b0dfa/element HTTP/1.1
User-Agent: selenium/4.11.0 (java windows)
Content-Length: 70
Content-Type: application/json; charset=utf-8
host: localhost:33054
accept: */*

Response DefaultHttpResponse(decodeResult: success, version: HTTP/1.1)
HTTP/1.1 200 OK
Content-Length: 125
Content-Type: application/json; charset=utf-8
cache-control: no-cache

20:00:41.046 [AsyncHttpClient-1-5] DEBUG org.asynchttpclient.netty.channel.ChannelManager -- Adding key: http://localhost:33054 for channel [id: 0x37be3a14, L:/127.0.0.1:58781 - R:localhost/127.0.0.1:33054]
20:00:41.050 [Forwarding clickElement on session 2c7af2bcf516fb6a169f82a1fd7b0dfa to remote] DEBUG org.asynchttpclient.netty.request.NettyRequestSender -- Using pooled Channel '[id: 0x37be3a14, L:/127.0.0.1:58781 - R:localhost/127.0.0.1:33054]' for 'POST' to 'http://localhost:33054/session/2c7af2bcf516fb6a169f82a1fd7b0dfa/element/f.8FE6458FFB41D3A91193F5868861B3E5.d.6421A8F12E973F1D010E545AE0CAC9F5.e.4/click'
20:00:41.050 [Forwarding clickElement on session 2c7af2bcf516fb6a169f82a1fd7b0dfa to remote] DEBUG org.asynchttpclient.netty.request.NettyRequestSender -- Using open Channel [id: 0x37be3a14, L:/127.0.0.1:58781 - R:localhost/127.0.0.1:33054] for POST '/session/2c7af2bcf516fb6a169f82a1fd7b0dfa/element/f.8FE6458FFB41D3A91193F5868861B3E5.d.6421A8F12E973F1D010E545AE0CAC9F5.e.4/click'
20:00:41.144 [AsyncHttpClient-1-1] DEBUG org.asynchttpclient.netty.channel.DefaultChannelPool -- Entry count for : http://localhost:58782 : 1
20:00:41.145 [AsyncHttpClient-1-1] DEBUG org.asynchttpclient.netty.channel.DefaultChannelPool -- Entry count for : http://localhost:34652 : 1
20:00:41.145 [AsyncHttpClient-1-1] DEBUG org.asynchttpclient.netty.channel.DefaultChannelPool -- Entry count for : http://localhost:58758 : 1
20:00:41.529 [AsyncHttpClient-1-5] DEBUG org.asynchttpclient.netty.handler.HttpHandler -- 

Request DefaultHttpRequest(decodeResult: success, version: HTTP/1.1)
POST /session/2c7af2bcf516fb6a169f82a1fd7b0dfa/element/f.8FE6458FFB41D3A91193F5868861B3E5.d.6421A8F12E973F1D010E545AE0CAC9F5.e.4/click HTTP/1.1
User-Agent: selenium/4.11.0 (java windows)
Content-Length: 87
Content-Type: application/json; charset=utf-8
host: localhost:33054
accept: */*

Response DefaultHttpResponse(decodeResult: success, version: HTTP/1.1)
HTTP/1.1 200 OK
Content-Length: 14
Content-Type: application/json; charset=utf-8
cache-control: no-cache

20:00:41.530 [AsyncHttpClient-1-5] DEBUG org.asynchttpclient.netty.channel.ChannelManager -- Adding key: http://localhost:33054 for channel [id: 0x37be3a14, L:/127.0.0.1:58781 - R:localhost/127.0.0.1:33054]
pass1
passed
20:00:41.551 [Forwarding findElement on session 2c7af2bcf516fb6a169f82a1fd7b0dfa to remote] DEBUG org.asynchttpclient.netty.request.NettyRequestSender -- Using pooled Channel '[id: 0x37be3a14, L:/127.0.0.1:58781 - R:localhost/127.0.0.1:33054]' for 'POST' to 'http://localhost:33054/session/2c7af2bcf516fb6a169f82a1fd7b0dfa/element'
20:00:41.551 [Forwarding findElement on session 2c7af2bcf516fb6a169f82a1fd7b0dfa to remote] DEBUG org.asynchttpclient.netty.request.NettyRequestSender -- Using open Channel [id: 0x37be3a14, L:/127.0.0.1:58781 - R:localhost/127.0.0.1:33054] for POST '/session/2c7af2bcf516fb6a169f82a1fd7b0dfa/element'
20:00:41.595 [AsyncHttpClient-1-5] DEBUG org.asynchttpclient.netty.handler.HttpHandler -- 

Request DefaultHttpRequest(decodeResult: success, version: HTTP/1.1)
POST /session/2c7af2bcf516fb6a169f82a1fd7b0dfa/element HTTP/1.1
User-Agent: selenium/4.11.0 (java windows)
Content-Length: 64
Content-Type: application/json; charset=utf-8
host: localhost:33054
accept: */*

Response DefaultHttpResponse(decodeResult: success, version: HTTP/1.1)
HTTP/1.1 200 OK
Content-Length: 126
Content-Type: application/json; charset=utf-8
cache-control: no-cache

20:00:41.596 [AsyncHttpClient-1-5] DEBUG org.asynchttpclient.netty.channel.ChannelManager -- Adding key: http://localhost:33054 for channel [id: 0x37be3a14, L:/127.0.0.1:58781 - R:localhost/127.0.0.1:33054]
20:00:41.599 [Forwarding clickElement on session 2c7af2bcf516fb6a169f82a1fd7b0dfa to remote] DEBUG org.asynchttpclient.netty.request.NettyRequestSender -- Using pooled Channel '[id: 0x37be3a14, L:/127.0.0.1:58781 - R:localhost/127.0.0.1:33054]' for 'POST' to 'http://localhost:33054/session/2c7af2bcf516fb6a169f82a1fd7b0dfa/element/f.8FE6458FFB41D3A91193F5868861B3E5.d.DF80C861B28AD3A4A81AA81111999F98.e.12/click'
20:00:41.599 [Forwarding clickElement on session 2c7af2bcf516fb6a169f82a1fd7b0dfa to remote] DEBUG org.asynchttpclient.netty.request.NettyRequestSender -- Using open Channel [id: 0x37be3a14, L:/127.0.0.1:58781 - R:localhost/127.0.0.1:33054] for POST '/session/2c7af2bcf516fb6a169f82a1fd7b0dfa/element/f.8FE6458FFB41D3A91193F5868861B3E5.d.DF80C861B28AD3A4A81AA81111999F98.e.12/click'
20:00:41.685 [AsyncHttpClient-1-5] DEBUG org.asynchttpclient.netty.handler.HttpHandler -- 

Request DefaultHttpRequest(decodeResult: success, version: HTTP/1.1)
POST /session/2c7af2bcf516fb6a169f82a1fd7b0dfa/element/f.8FE6458FFB41D3A91193F5868861B3E5.d.DF80C861B28AD3A4A81AA81111999F98.e.12/click HTTP/1.1
User-Agent: selenium/4.11.0 (java windows)
Content-Length: 88
Content-Type: application/json; charset=utf-8
host: localhost:33054
accept: */*

Response DefaultHttpResponse(decodeResult: success, version: HTTP/1.1)
HTTP/1.1 200 OK
Content-Length: 14
Content-Type: application/json; charset=utf-8
cache-control: no-cache

20:00:41.688 [AsyncHttpClient-1-5] DEBUG org.asynchttpclient.netty.channel.ChannelManager -- Adding key: http://localhost:33054 for channel [id: 0x37be3a14, L:/127.0.0.1:58781 - R:localhost/127.0.0.1:33054]
20:00:41.693 [Forwarding findElement on session 2c7af2bcf516fb6a169f82a1fd7b0dfa to remote] DEBUG org.asynchttpclient.netty.request.NettyRequestSender -- Using pooled Channel '[id: 0x37be3a14, L:/127.0.0.1:58781 - R:localhost/127.0.0.1:33054]' for 'POST' to 'http://localhost:33054/session/2c7af2bcf516fb6a169f82a1fd7b0dfa/element'
20:00:41.693 [Forwarding findElement on session 2c7af2bcf516fb6a169f82a1fd7b0dfa to remote] DEBUG org.asynchttpclient.netty.request.NettyRequestSender -- Using open Channel [id: 0x37be3a14, L:/127.0.0.1:58781 - R:localhost/127.0.0.1:33054] for POST '/session/2c7af2bcf516fb6a169f82a1fd7b0dfa/element'
20:00:41.717 [AsyncHttpClient-1-5] DEBUG org.asynchttpclient.netty.handler.HttpHandler -- 

Request DefaultHttpRequest(decodeResult: success, version: HTTP/1.1)
POST /session/2c7af2bcf516fb6a169f82a1fd7b0dfa/element HTTP/1.1
User-Agent: selenium/4.11.0 (java windows)
Content-Length: 118
Content-Type: application/json; charset=utf-8
host: localhost:33054
accept: */*

Response DefaultHttpResponse(decodeResult: success, version: HTTP/1.1)
HTTP/1.1 200 OK
Content-Length: 126
Content-Type: application/json; charset=utf-8
cache-control: no-cache

20:00:41.718 [AsyncHttpClient-1-5] DEBUG org.asynchttpclient.netty.channel.ChannelManager -- Adding key: http://localhost:33054 for channel [id: 0x37be3a14, L:/127.0.0.1:58781 - R:localhost/127.0.0.1:33054]
20:00:41.729 [Forwarding clickElement on session 2c7af2bcf516fb6a169f82a1fd7b0dfa to remote] DEBUG org.asynchttpclient.netty.request.NettyRequestSender -- Using pooled Channel '[id: 0x37be3a14, L:/127.0.0.1:58781 - R:localhost/127.0.0.1:33054]' for 'POST' to 'http://localhost:33054/session/2c7af2bcf516fb6a169f82a1fd7b0dfa/element/f.8FE6458FFB41D3A91193F5868861B3E5.d.DF80C861B28AD3A4A81AA81111999F98.e.14/click'
20:00:41.729 [Forwarding clickElement on session 2c7af2bcf516fb6a169f82a1fd7b0dfa to remote] DEBUG org.asynchttpclient.netty.request.NettyRequestSender -- Using open Channel [id: 0x37be3a14, L:/127.0.0.1:58781 - R:localhost/127.0.0.1:33054] for POST '/session/2c7af2bcf516fb6a169f82a1fd7b0dfa/element/f.8FE6458FFB41D3A91193F5868861B3E5.d.DF80C861B28AD3A4A81AA81111999F98.e.14/click'
20:00:42.055 [AsyncHttpClient-1-5] DEBUG org.asynchttpclient.netty.handler.HttpHandler -- 

Request DefaultHttpRequest(decodeResult: success, version: HTTP/1.1)
POST /session/2c7af2bcf516fb6a169f82a1fd7b0dfa/element/f.8FE6458FFB41D3A91193F5868861B3E5.d.DF80C861B28AD3A4A81AA81111999F98.e.14/click HTTP/1.1
User-Agent: selenium/4.11.0 (java windows)
Content-Length: 88
Content-Type: application/json; charset=utf-8
host: localhost:33054
accept: */*

Response DefaultHttpResponse(decodeResult: success, version: HTTP/1.1)
HTTP/1.1 200 OK
Content-Length: 14
Content-Type: application/json; charset=utf-8
cache-control: no-cache

20:00:42.056 [AsyncHttpClient-1-5] DEBUG org.asynchttpclient.netty.channel.ChannelManager -- Adding key: http://localhost:33054 for channel [id: 0x37be3a14, L:/127.0.0.1:58781 - R:localhost/127.0.0.1:33054]
pass1
]]></system-out>
    <system-err><![CDATA[SLF4J(I): Connected with provider of type [ch.qos.logback.classic.spi.LogbackServiceProvider]
Mar 04, 2024 8:00:35 PM org.openqa.selenium.devtools.CdpVersionFinder findNearestMatch
WARNING: Unable to find CDP implementation matching 122
Mar 04, 2024 8:00:35 PM org.openqa.selenium.chromium.ChromiumDriver lambda$new$5
WARNING: Unable to find version of CDP to use for 122.0.6261.95. You may need to include a dependency on a specific version of the CDP using something similar to `org.seleniumhq.selenium:selenium-devtools-v86:4.11.0` where the version ("v86") matches the version of the chromium-based browser you're using and the version number of the artifact is the same as Selenium's.
Mar 04, 2024 8:00:39 PM org.openqa.selenium.devtools.CdpVersionFinder findNearestMatch
WARNING: Unable to find CDP implementation matching 122
Mar 04, 2024 8:00:39 PM org.openqa.selenium.chromium.ChromiumDriver lambda$new$5
WARNING: Unable to find version of CDP to use for 122.0.6261.95. You may need to include a dependency on a specific version of the CDP using something similar to `org.seleniumhq.selenium:selenium-devtools-v86:4.11.0` where the version ("v86") matches the version of the chromium-based browser you're using and the version number of the artifact is the same as Selenium's.
]]></system-err>
  </testcase>
  <testcase name="loginToApp" classname="QEChallenge.LoginPageTest" time="0.988">
    <system-out><![CDATA[pass2
20:00:42.234 [AsyncHttpClient-1-1] DEBUG org.asynchttpclient.netty.channel.DefaultChannelPool -- Entry count for : http://localhost:33054 : 1
20:00:42.234 [AsyncHttpClient-1-1] DEBUG org.asynchttpclient.netty.channel.DefaultChannelPool -- Entry count for : http://localhost:58782 : 1
20:00:42.234 [AsyncHttpClient-1-1] DEBUG org.asynchttpclient.netty.channel.DefaultChannelPool -- Entry count for : http://localhost:34652 : 1
20:00:42.234 [AsyncHttpClient-1-1] DEBUG org.asynchttpclient.netty.channel.DefaultChannelPool -- Entry count for : http://localhost:58758 : 1
20:00:42.843 [AsyncHttpClient-1-8] DEBUG org.asynchttpclient.netty.channel.NettyConnectListener -- Using new Channel '[id: 0x31efc8ec, L:/127.0.0.1:58808 - R:localhost/127.0.0.1:43260]' for 'POST' to '/session'
20:00:43.353 [AsyncHttpClient-1-1] DEBUG org.asynchttpclient.netty.channel.DefaultChannelPool -- Entry count for : http://localhost:33054 : 1
20:00:43.353 [AsyncHttpClient-1-1] DEBUG org.asynchttpclient.netty.channel.DefaultChannelPool -- Entry count for : http://localhost:58782 : 1
20:00:43.354 [AsyncHttpClient-1-1] DEBUG org.asynchttpclient.netty.channel.DefaultChannelPool -- Entry count for : http://localhost:34652 : 1
20:00:43.354 [AsyncHttpClient-1-1] DEBUG org.asynchttpclient.netty.channel.DefaultChannelPool -- Entry count for : http://localhost:58758 : 1
20:00:44.438 [AsyncHttpClient-1-1] DEBUG org.asynchttpclient.netty.channel.DefaultChannelPool -- Entry count for : http://localhost:33054 : 1
20:00:44.438 [AsyncHttpClient-1-1] DEBUG org.asynchttpclient.netty.channel.DefaultChannelPool -- Entry count for : http://localhost:58782 : 1
20:00:44.438 [AsyncHttpClient-1-1] DEBUG org.asynchttpclient.netty.channel.DefaultChannelPool -- Entry count for : http://localhost:34652 : 1
20:00:44.438 [AsyncHttpClient-1-1] DEBUG org.asynchttpclient.netty.channel.DefaultChannelPool -- Entry count for : http://localhost:58758 : 1
20:00:45.062 [AsyncHttpClient-1-8] DEBUG org.asynchttpclient.netty.handler.HttpHandler -- 

Request DefaultHttpRequest(decodeResult: success, version: HTTP/1.1)
POST /session HTTP/1.1
User-Agent: selenium/4.11.0 (java windows)
Content-Length: 254
Content-Type: application/json; charset=utf-8
host: localhost:43260
accept: */*

Response DefaultHttpResponse(decodeResult: success, version: HTTP/1.1)
HTTP/1.1 200 OK
Content-Length: 880
Content-Type: application/json; charset=utf-8
cache-control: no-cache

20:00:45.063 [AsyncHttpClient-1-8] DEBUG org.asynchttpclient.netty.channel.ChannelManager -- Adding key: http://localhost:43260 for channel [id: 0x31efc8ec, L:/127.0.0.1:58808 - R:localhost/127.0.0.1:43260]
20:00:45.076 [AsyncHttpClient-1-9] DEBUG org.asynchttpclient.netty.channel.NettyConnectListener -- Using new Channel '[id: 0xfd6b32a7, L:/127.0.0.1:58817 - R:localhost/127.0.0.1:58809]' for 'GET' to '/json/version'
20:00:45.079 [AsyncHttpClient-1-9] DEBUG org.asynchttpclient.netty.handler.HttpHandler -- 

Request DefaultFullHttpRequest(decodeResult: success, version: HTTP/1.1, content: EmptyByteBufBE)
GET /json/version HTTP/1.1
User-Agent: selenium/4.11.0 (java windows)
host: localhost:58809
accept: */*

Response DefaultHttpResponse(decodeResult: success, version: HTTP/1.1)
HTTP/1.1 200 OK
Content-Security-Policy: frame-ancestors 'none'
Content-Length: 423
Content-Type: application/json; charset=UTF-8

20:00:45.080 [AsyncHttpClient-1-9] DEBUG org.asynchttpclient.netty.channel.ChannelManager -- Adding key: http://localhost:58809 for channel [id: 0xfd6b32a7, L:/127.0.0.1:58817 - R:localhost/127.0.0.1:58809]
20:00:45.083 [AsyncHttpClient-1-2] DEBUG org.asynchttpclient.netty.channel.NettyConnectListener -- Using new Channel '[id: 0xfa396e3c, L:/127.0.0.1:58818 - R:localhost/127.0.0.1:58809]' for 'GET' to '/devtools/browser/65c49b9c-1ee9-4db6-8198-346ac0fd297e'
20:00:45.085 [AsyncHttpClient-1-2] DEBUG org.asynchttpclient.netty.handler.WebSocketHandler -- 

Request DefaultFullHttpRequest(decodeResult: success, version: HTTP/1.1, content: EmptyByteBufBE)
GET /devtools/browser/65c49b9c-1ee9-4db6-8198-346ac0fd297e HTTP/1.1
upgrade: websocket
connection: upgrade
sec-websocket-key: yBxNExL2EBvCrlg4zHxwaw==
sec-websocket-version: 13
origin: http://localhost:58809
host: localhost:58809
accept: */*
user-agent: AHC/2.1

Response DefaultHttpResponse(decodeResult: success, version: HTTP/1.1)
HTTP/1.1 101 WebSocket Protocol Handshake
Upgrade: WebSocket
Connection: Upgrade
Sec-WebSocket-Accept: kMh+1wa2xiibAsB+FlNbJuAXjDg=

20:00:45.092 [Forwarding setTimeout on session ee6dce05d4b99bc6539130535d0ce8d4 to remote] DEBUG org.asynchttpclient.netty.request.NettyRequestSender -- Using pooled Channel '[id: 0x31efc8ec, L:/127.0.0.1:58808 - R:localhost/127.0.0.1:43260]' for 'POST' to 'http://localhost:43260/session/ee6dce05d4b99bc6539130535d0ce8d4/timeouts'
20:00:45.092 [Forwarding setTimeout on session ee6dce05d4b99bc6539130535d0ce8d4 to remote] DEBUG org.asynchttpclient.netty.request.NettyRequestSender -- Using open Channel [id: 0x31efc8ec, L:/127.0.0.1:58808 - R:localhost/127.0.0.1:43260] for POST '/session/ee6dce05d4b99bc6539130535d0ce8d4/timeouts'
20:00:45.094 [AsyncHttpClient-1-8] DEBUG org.asynchttpclient.netty.handler.HttpHandler -- 

Request DefaultHttpRequest(decodeResult: success, version: HTTP/1.1)
POST /session/ee6dce05d4b99bc6539130535d0ce8d4/timeouts HTTP/1.1
User-Agent: selenium/4.11.0 (java windows)
Content-Length: 23
Content-Type: application/json; charset=utf-8
host: localhost:43260
accept: */*

Response DefaultHttpResponse(decodeResult: success, version: HTTP/1.1)
HTTP/1.1 200 OK
Content-Length: 14
Content-Type: application/json; charset=utf-8
cache-control: no-cache

20:00:45.095 [AsyncHttpClient-1-8] DEBUG org.asynchttpclient.netty.channel.ChannelManager -- Adding key: http://localhost:43260 for channel [id: 0x31efc8ec, L:/127.0.0.1:58808 - R:localhost/127.0.0.1:43260]
20:00:45.097 [Forwarding maximizeCurrentWindow on session ee6dce05d4b99bc6539130535d0ce8d4 to remote] DEBUG org.asynchttpclient.netty.request.NettyRequestSender -- Using pooled Channel '[id: 0x31efc8ec, L:/127.0.0.1:58808 - R:localhost/127.0.0.1:43260]' for 'POST' to 'http://localhost:43260/session/ee6dce05d4b99bc6539130535d0ce8d4/window/maximize'
20:00:45.098 [Forwarding maximizeCurrentWindow on session ee6dce05d4b99bc6539130535d0ce8d4 to remote] DEBUG org.asynchttpclient.netty.request.NettyRequestSender -- Using open Channel [id: 0x31efc8ec, L:/127.0.0.1:58808 - R:localhost/127.0.0.1:43260] for POST '/session/ee6dce05d4b99bc6539130535d0ce8d4/window/maximize'
20:00:45.420 [AsyncHttpClient-1-8] DEBUG org.asynchttpclient.netty.handler.HttpHandler -- 

Request DefaultHttpRequest(decodeResult: success, version: HTTP/1.1)
POST /session/ee6dce05d4b99bc6539130535d0ce8d4/window/maximize HTTP/1.1
User-Agent: selenium/4.11.0 (java windows)
Content-Length: 3
Content-Type: application/json; charset=utf-8
host: localhost:43260
accept: */*

Response DefaultHttpResponse(decodeResult: success, version: HTTP/1.1)
HTTP/1.1 200 OK
Content-Length: 51
Content-Type: application/json; charset=utf-8
cache-control: no-cache

20:00:45.420 [AsyncHttpClient-1-8] DEBUG org.asynchttpclient.netty.channel.ChannelManager -- Adding key: http://localhost:43260 for channel [id: 0x31efc8ec, L:/127.0.0.1:58808 - R:localhost/127.0.0.1:43260]
20:00:45.422 [Forwarding get on session ee6dce05d4b99bc6539130535d0ce8d4 to remote] DEBUG org.asynchttpclient.netty.request.NettyRequestSender -- Using pooled Channel '[id: 0x31efc8ec, L:/127.0.0.1:58808 - R:localhost/127.0.0.1:43260]' for 'POST' to 'http://localhost:43260/session/ee6dce05d4b99bc6539130535d0ce8d4/url'
20:00:45.423 [Forwarding get on session ee6dce05d4b99bc6539130535d0ce8d4 to remote] DEBUG org.asynchttpclient.netty.request.NettyRequestSender -- Using open Channel [id: 0x31efc8ec, L:/127.0.0.1:58808 - R:localhost/127.0.0.1:43260] for POST '/session/ee6dce05d4b99bc6539130535d0ce8d4/url'
20:00:45.544 [AsyncHttpClient-1-1] DEBUG org.asynchttpclient.netty.channel.DefaultChannelPool -- Entry count for : http://localhost:33054 : 1
20:00:45.544 [AsyncHttpClient-1-1] DEBUG org.asynchttpclient.netty.channel.DefaultChannelPool -- Entry count for : http://localhost:58782 : 1
20:00:45.545 [AsyncHttpClient-1-1] DEBUG org.asynchttpclient.netty.channel.DefaultChannelPool -- Entry count for : http://localhost:58809 : 1
20:00:45.549 [AsyncHttpClient-1-1] DEBUG org.asynchttpclient.netty.channel.DefaultChannelPool -- Entry count for : http://localhost:34652 : 1
20:00:45.553 [AsyncHttpClient-1-1] DEBUG org.asynchttpclient.netty.channel.DefaultChannelPool -- Entry count for : http://localhost:58758 : 1
20:00:45.720 [AsyncHttpClient-1-8] DEBUG org.asynchttpclient.netty.handler.HttpHandler -- 

Request DefaultHttpRequest(decodeResult: success, version: HTTP/1.1)
POST /session/ee6dce05d4b99bc6539130535d0ce8d4/url HTTP/1.1
User-Agent: selenium/4.11.0 (java windows)
Content-Length: 57
Content-Type: application/json; charset=utf-8
host: localhost:43260
accept: */*

Response DefaultHttpResponse(decodeResult: success, version: HTTP/1.1)
HTTP/1.1 200 OK
Content-Length: 14
Content-Type: application/json; charset=utf-8
cache-control: no-cache

20:00:45.720 [AsyncHttpClient-1-8] DEBUG org.asynchttpclient.netty.channel.ChannelManager -- Adding key: http://localhost:43260 for channel [id: 0x31efc8ec, L:/127.0.0.1:58808 - R:localhost/127.0.0.1:43260]
pass1
20:00:45.727 [Forwarding findElement on session ee6dce05d4b99bc6539130535d0ce8d4 to remote] DEBUG org.asynchttpclient.netty.request.NettyRequestSender -- Using pooled Channel '[id: 0x31efc8ec, L:/127.0.0.1:58808 - R:localhost/127.0.0.1:43260]' for 'POST' to 'http://localhost:43260/session/ee6dce05d4b99bc6539130535d0ce8d4/element'
20:00:45.727 [Forwarding findElement on session ee6dce05d4b99bc6539130535d0ce8d4 to remote] DEBUG org.asynchttpclient.netty.request.NettyRequestSender -- Using open Channel [id: 0x31efc8ec, L:/127.0.0.1:58808 - R:localhost/127.0.0.1:43260] for POST '/session/ee6dce05d4b99bc6539130535d0ce8d4/element'
20:00:45.798 [AsyncHttpClient-1-8] DEBUG org.asynchttpclient.netty.handler.HttpHandler -- 

Request DefaultHttpRequest(decodeResult: success, version: HTTP/1.1)
POST /session/ee6dce05d4b99bc6539130535d0ce8d4/element HTTP/1.1
User-Agent: selenium/4.11.0 (java windows)
Content-Length: 58
Content-Type: application/json; charset=utf-8
host: localhost:43260
accept: */*

Response DefaultHttpResponse(decodeResult: success, version: HTTP/1.1)
HTTP/1.1 200 OK
Content-Length: 125
Content-Type: application/json; charset=utf-8
cache-control: no-cache

20:00:45.798 [AsyncHttpClient-1-8] DEBUG org.asynchttpclient.netty.channel.ChannelManager -- Adding key: http://localhost:43260 for channel [id: 0x31efc8ec, L:/127.0.0.1:58808 - R:localhost/127.0.0.1:43260]
20:00:45.805 [Forwarding sendKeysToElement on session ee6dce05d4b99bc6539130535d0ce8d4 to remote] DEBUG org.asynchttpclient.netty.request.NettyRequestSender -- Using pooled Channel '[id: 0x31efc8ec, L:/127.0.0.1:58808 - R:localhost/127.0.0.1:43260]' for 'POST' to 'http://localhost:43260/session/ee6dce05d4b99bc6539130535d0ce8d4/element/f.DF16602D141018456607E0E0503E2F6B.d.44E07B7F180D0053C25F7DF9DD82F411.e.2/value'
20:00:45.806 [Forwarding sendKeysToElement on session ee6dce05d4b99bc6539130535d0ce8d4 to remote] DEBUG org.asynchttpclient.netty.request.NettyRequestSender -- Using open Channel [id: 0x31efc8ec, L:/127.0.0.1:58808 - R:localhost/127.0.0.1:43260] for POST '/session/ee6dce05d4b99bc6539130535d0ce8d4/element/f.DF16602D141018456607E0E0503E2F6B.d.44E07B7F180D0053C25F7DF9DD82F411.e.2/value'
20:00:45.931 [AsyncHttpClient-1-8] DEBUG org.asynchttpclient.netty.handler.HttpHandler -- 

Request DefaultHttpRequest(decodeResult: success, version: HTTP/1.1)
POST /session/ee6dce05d4b99bc6539130535d0ce8d4/element/f.DF16602D141018456607E0E0503E2F6B.d.44E07B7F180D0053C25F7DF9DD82F411.e.2/value HTTP/1.1
User-Agent: selenium/4.11.0 (java windows)
Content-Length: 168
Content-Type: application/json; charset=utf-8
host: localhost:43260
accept: */*

Response DefaultHttpResponse(decodeResult: success, version: HTTP/1.1)
HTTP/1.1 200 OK
Content-Length: 14
Content-Type: application/json; charset=utf-8
cache-control: no-cache

20:00:45.932 [AsyncHttpClient-1-8] DEBUG org.asynchttpclient.netty.channel.ChannelManager -- Adding key: http://localhost:43260 for channel [id: 0x31efc8ec, L:/127.0.0.1:58808 - R:localhost/127.0.0.1:43260]
20:00:45.935 [Forwarding findElement on session ee6dce05d4b99bc6539130535d0ce8d4 to remote] DEBUG org.asynchttpclient.netty.request.NettyRequestSender -- Using pooled Channel '[id: 0x31efc8ec, L:/127.0.0.1:58808 - R:localhost/127.0.0.1:43260]' for 'POST' to 'http://localhost:43260/session/ee6dce05d4b99bc6539130535d0ce8d4/element'
20:00:45.935 [Forwarding findElement on session ee6dce05d4b99bc6539130535d0ce8d4 to remote] DEBUG org.asynchttpclient.netty.request.NettyRequestSender -- Using open Channel [id: 0x31efc8ec, L:/127.0.0.1:58808 - R:localhost/127.0.0.1:43260] for POST '/session/ee6dce05d4b99bc6539130535d0ce8d4/element'
20:00:45.954 [AsyncHttpClient-1-8] DEBUG org.asynchttpclient.netty.handler.HttpHandler -- 

Request DefaultHttpRequest(decodeResult: success, version: HTTP/1.1)
POST /session/ee6dce05d4b99bc6539130535d0ce8d4/element HTTP/1.1
User-Agent: selenium/4.11.0 (java windows)
Content-Length: 58
Content-Type: application/json; charset=utf-8
host: localhost:43260
accept: */*

Response DefaultHttpResponse(decodeResult: success, version: HTTP/1.1)
HTTP/1.1 200 OK
Content-Length: 125
Content-Type: application/json; charset=utf-8
cache-control: no-cache

20:00:45.954 [AsyncHttpClient-1-8] DEBUG org.asynchttpclient.netty.channel.ChannelManager -- Adding key: http://localhost:43260 for channel [id: 0x31efc8ec, L:/127.0.0.1:58808 - R:localhost/127.0.0.1:43260]
20:00:45.958 [Forwarding sendKeysToElement on session ee6dce05d4b99bc6539130535d0ce8d4 to remote] DEBUG org.asynchttpclient.netty.request.NettyRequestSender -- Using pooled Channel '[id: 0x31efc8ec, L:/127.0.0.1:58808 - R:localhost/127.0.0.1:43260]' for 'POST' to 'http://localhost:43260/session/ee6dce05d4b99bc6539130535d0ce8d4/element/f.DF16602D141018456607E0E0503E2F6B.d.44E07B7F180D0053C25F7DF9DD82F411.e.3/value'
20:00:45.958 [Forwarding sendKeysToElement on session ee6dce05d4b99bc6539130535d0ce8d4 to remote] DEBUG org.asynchttpclient.netty.request.NettyRequestSender -- Using open Channel [id: 0x31efc8ec, L:/127.0.0.1:58808 - R:localhost/127.0.0.1:43260] for POST '/session/ee6dce05d4b99bc6539130535d0ce8d4/element/f.DF16602D141018456607E0E0503E2F6B.d.44E07B7F180D0053C25F7DF9DD82F411.e.3/value'
20:00:46.078 [AsyncHttpClient-1-8] DEBUG org.asynchttpclient.netty.handler.HttpHandler -- 

Request DefaultHttpRequest(decodeResult: success, version: HTTP/1.1)
POST /session/ee6dce05d4b99bc6539130535d0ce8d4/element/f.DF16602D141018456607E0E0503E2F6B.d.44E07B7F180D0053C25F7DF9DD82F411.e.3/value HTTP/1.1
User-Agent: selenium/4.11.0 (java windows)
Content-Length: 168
Content-Type: application/json; charset=utf-8
host: localhost:43260
accept: */*

Response DefaultHttpResponse(decodeResult: success, version: HTTP/1.1)
HTTP/1.1 200 OK
Content-Length: 14
Content-Type: application/json; charset=utf-8
cache-control: no-cache

20:00:46.079 [AsyncHttpClient-1-8] DEBUG org.asynchttpclient.netty.channel.ChannelManager -- Adding key: http://localhost:43260 for channel [id: 0x31efc8ec, L:/127.0.0.1:58808 - R:localhost/127.0.0.1:43260]
20:00:46.087 [Forwarding findElement on session ee6dce05d4b99bc6539130535d0ce8d4 to remote] DEBUG org.asynchttpclient.netty.request.NettyRequestSender -- Using pooled Channel '[id: 0x31efc8ec, L:/127.0.0.1:58808 - R:localhost/127.0.0.1:43260]' for 'POST' to 'http://localhost:43260/session/ee6dce05d4b99bc6539130535d0ce8d4/element'
20:00:46.095 [Forwarding findElement on session ee6dce05d4b99bc6539130535d0ce8d4 to remote] DEBUG org.asynchttpclient.netty.request.NettyRequestSender -- Using open Channel [id: 0x31efc8ec, L:/127.0.0.1:58808 - R:localhost/127.0.0.1:43260] for POST '/session/ee6dce05d4b99bc6539130535d0ce8d4/element'
20:00:46.140 [AsyncHttpClient-1-8] DEBUG org.asynchttpclient.netty.handler.HttpHandler -- 

Request DefaultHttpRequest(decodeResult: success, version: HTTP/1.1)
POST /session/ee6dce05d4b99bc6539130535d0ce8d4/element HTTP/1.1
User-Agent: selenium/4.11.0 (java windows)
Content-Length: 70
Content-Type: application/json; charset=utf-8
host: localhost:43260
accept: */*

Response DefaultHttpResponse(decodeResult: success, version: HTTP/1.1)
HTTP/1.1 200 OK
Content-Length: 125
Content-Type: application/json; charset=utf-8
cache-control: no-cache

20:00:46.141 [AsyncHttpClient-1-8] DEBUG org.asynchttpclient.netty.channel.ChannelManager -- Adding key: http://localhost:43260 for channel [id: 0x31efc8ec, L:/127.0.0.1:58808 - R:localhost/127.0.0.1:43260]
20:00:46.146 [Forwarding clickElement on session ee6dce05d4b99bc6539130535d0ce8d4 to remote] DEBUG org.asynchttpclient.netty.request.NettyRequestSender -- Using pooled Channel '[id: 0x31efc8ec, L:/127.0.0.1:58808 - R:localhost/127.0.0.1:43260]' for 'POST' to 'http://localhost:43260/session/ee6dce05d4b99bc6539130535d0ce8d4/element/f.DF16602D141018456607E0E0503E2F6B.d.44E07B7F180D0053C25F7DF9DD82F411.e.4/click'
20:00:46.146 [Forwarding clickElement on session ee6dce05d4b99bc6539130535d0ce8d4 to remote] DEBUG org.asynchttpclient.netty.request.NettyRequestSender -- Using open Channel [id: 0x31efc8ec, L:/127.0.0.1:58808 - R:localhost/127.0.0.1:43260] for POST '/session/ee6dce05d4b99bc6539130535d0ce8d4/element/f.DF16602D141018456607E0E0503E2F6B.d.44E07B7F180D0053C25F7DF9DD82F411.e.4/click'
20:00:46.635 [AsyncHttpClient-1-1] DEBUG org.asynchttpclient.netty.channel.DefaultChannelPool -- Entry count for : http://localhost:33054 : 1
20:00:46.637 [AsyncHttpClient-1-1] DEBUG org.asynchttpclient.netty.channel.DefaultChannelPool -- Entry count for : http://localhost:58782 : 1
20:00:46.637 [AsyncHttpClient-1-1] DEBUG org.asynchttpclient.netty.channel.DefaultChannelPool -- Entry count for : http://localhost:58809 : 1
20:00:46.637 [AsyncHttpClient-1-1] DEBUG org.asynchttpclient.netty.channel.DefaultChannelPool -- Entry count for : http://localhost:34652 : 1
20:00:46.637 [AsyncHttpClient-1-1] DEBUG org.asynchttpclient.netty.channel.DefaultChannelPool -- Entry count for : http://localhost:58758 : 1
20:00:46.696 [AsyncHttpClient-1-8] DEBUG org.asynchttpclient.netty.handler.HttpHandler -- 

Request DefaultHttpRequest(decodeResult: success, version: HTTP/1.1)
POST /session/ee6dce05d4b99bc6539130535d0ce8d4/element/f.DF16602D141018456607E0E0503E2F6B.d.44E07B7F180D0053C25F7DF9DD82F411.e.4/click HTTP/1.1
User-Agent: selenium/4.11.0 (java windows)
Content-Length: 87
Content-Type: application/json; charset=utf-8
host: localhost:43260
accept: */*

Response DefaultHttpResponse(decodeResult: success, version: HTTP/1.1)
HTTP/1.1 200 OK
Content-Length: 14
Content-Type: application/json; charset=utf-8
cache-control: no-cache

20:00:46.698 [AsyncHttpClient-1-8] DEBUG org.asynchttpclient.netty.channel.ChannelManager -- Adding key: http://localhost:43260 for channel [id: 0x31efc8ec, L:/127.0.0.1:58808 - R:localhost/127.0.0.1:43260]
pass1
passed
]]></system-out>
    <system-err><![CDATA[Mar 04, 2024 8:00:45 PM org.openqa.selenium.devtools.CdpVersionFinder findNearestMatch
WARNING: Unable to find CDP implementation matching 122
Mar 04, 2024 8:00:45 PM org.openqa.selenium.chromium.ChromiumDriver lambda$new$5
WARNING: Unable to find version of CDP to use for 122.0.6261.95. You may need to include a dependency on a specific version of the CDP using something similar to `org.seleniumhq.selenium:selenium-devtools-v86:4.11.0` where the version ("v86") matches the version of the chromium-based browser you're using and the version number of the artifact is the same as Selenium's.
]]></system-err>
  </testcase>
  <testcase name="test1" classname="QEChallenge.UploadCSVFilePageTest" time="0.122">
    <failure message="You have an error in your SQL syntax; check the manual that corresponds to your MySQL server version for the right syntax to use near &apos;sumitgole;MALE;1956-01-01T23:59:59;NULL;10.10;1.01;9&quot;&apos; at line 1" type="java.sql.SQLSyntaxErrorException"><![CDATA[java.sql.SQLSyntaxErrorException: You have an error in your SQL syntax; check the manual that corresponds to your MySQL server version for the right syntax to use near 'sumitgole;MALE;1956-01-01T23:59:59;NULL;10.10;1.01;9"' at line 1
	at com.mysql.cj.jdbc.exceptions.SQLError.createSQLException(SQLError.java:121)
	at com.mysql.cj.jdbc.exceptions.SQLExceptionsMapping.translateException(SQLExceptionsMapping.java:122)
	at com.mysql.cj.jdbc.StatementImpl.executeQuery(StatementImpl.java:1200)
	at QEChallenge.pages.UploadCSVFilePage.validateCSVagainstDB(UploadCSVFilePage.java:106)
	at QEChallenge.UploadCSVFilePageTest.test1(UploadCSVFilePageTest.java:85)
	at java.base/jdk.internal.reflect.DirectMethodHandleAccessor.invoke(DirectMethodHandleAccessor.java:103)
	at java.base/java.lang.reflect.Method.invoke(Method.java:580)
	at org.testng.internal.invokers.MethodInvocationHelper.invokeMethod(MethodInvocationHelper.java:139)
	at org.testng.internal.invokers.TestInvoker.invokeMethod(TestInvoker.java:664)
	at org.testng.internal.invokers.TestInvoker.invokeTestMethod(TestInvoker.java:228)
	at org.testng.internal.invokers.MethodRunner.runInSequence(MethodRunner.java:63)
	at org.testng.internal.invokers.TestInvoker$MethodInvocationAgent.invoke(TestInvoker.java:961)
	at org.testng.internal.invokers.TestInvoker.invokeTestMethods(TestInvoker.java:201)
	at org.testng.internal.invokers.TestMethodWorker.invokeTestMethods(TestMethodWorker.java:148)
	at org.testng.internal.invokers.TestMethodWorker.run(TestMethodWorker.java:128)
	at java.base/java.util.ArrayList.forEach(ArrayList.java:1596)
	at org.testng.TestRunner.privateRun(TestRunner.java:819)
	at org.testng.TestRunner.run(TestRunner.java:619)
	at org.testng.SuiteRunner.runTest(SuiteRunner.java:443)
	at org.testng.SuiteRunner.runSequentially(SuiteRunner.java:437)
	at org.testng.SuiteRunner.privateRun(SuiteRunner.java:397)
	at org.testng.SuiteRunner.run(SuiteRunner.java:336)
	at org.testng.SuiteRunnerWorker.runSuite(SuiteRunnerWorker.java:52)
	at org.testng.SuiteRunnerWorker.run(SuiteRunnerWorker.java:95)
	at org.testng.TestNG.runSuitesSequentially(TestNG.java:1301)
	at org.testng.TestNG.runSuitesLocally(TestNG.java:1228)
	at org.testng.TestNG.runSuites(TestNG.java:1134)
	at org.testng.TestNG.run(TestNG.java:1101)
	at org.apache.maven.surefire.testng.TestNGExecutor.run(TestNGExecutor.java:155)
	at org.apache.maven.surefire.testng.TestNGDirectoryTestSuite.executeMulti(TestNGDirectoryTestSuite.java:169)
	at org.apache.maven.surefire.testng.TestNGDirectoryTestSuite.execute(TestNGDirectoryTestSuite.java:88)
	at org.apache.maven.surefire.testng.TestNGProvider.invoke(TestNGProvider.java:137)
	at org.apache.maven.surefire.booter.ForkedBooter.runSuitesInProcess(ForkedBooter.java:385)
	at org.apache.maven.surefire.booter.ForkedBooter.execute(ForkedBooter.java:162)
	at org.apache.maven.surefire.booter.ForkedBooter.run(ForkedBooter.java:507)
	at org.apache.maven.surefire.booter.ForkedBooter.main(ForkedBooter.java:495)
]]></failure>
    <system-out><![CDATA[20:00:46.729 [AsyncHttpClient-1-2] DEBUG org.asynchttpclient.netty.handler.WebSocketHandler -- Channel Closed: [id: 0xfa396e3c, L:/127.0.0.1:58818 ! R:localhost/127.0.0.1:58809] with attribute DISCARD
20:00:46.743 [Driver Command Executor] DEBUG org.asynchttpclient.netty.request.NettyRequestSender -- Using pooled Channel '[id: 0x31efc8ec, L:/127.0.0.1:58808 - R:localhost/127.0.0.1:43260]' for 'DELETE' to 'http://localhost:43260/session/ee6dce05d4b99bc6539130535d0ce8d4'
20:00:46.744 [Driver Command Executor] DEBUG org.asynchttpclient.netty.request.NettyRequestSender -- Using open Channel [id: 0x31efc8ec, L:/127.0.0.1:58808 - R:localhost/127.0.0.1:43260] for DELETE '/session/ee6dce05d4b99bc6539130535d0ce8d4'
20:00:46.954 [AsyncHttpClient-1-9] DEBUG org.asynchttpclient.netty.handler.HttpHandler -- Unexpected I/O exception on channel [id: 0xfd6b32a7, L:/127.0.0.1:58817 - R:localhost/127.0.0.1:58809]
java.net.SocketException: Connection reset
	at java.base/sun.nio.ch.SocketChannelImpl.throwConnectionReset(SocketChannelImpl.java:401)
	at java.base/sun.nio.ch.SocketChannelImpl.read(SocketChannelImpl.java:434)
	at io.netty.buffer.PooledByteBuf.setBytes(PooledByteBuf.java:256)
	at io.netty.buffer.AbstractByteBuf.writeBytes(AbstractByteBuf.java:1132)
	at io.netty.channel.socket.nio.NioSocketChannel.doReadBytes(NioSocketChannel.java:357)
	at io.netty.channel.nio.AbstractNioByteChannel$NioByteUnsafe.read(AbstractNioByteChannel.java:151)
	at io.netty.channel.nio.NioEventLoop.processSelectedKey(NioEventLoop.java:788)
	at io.netty.channel.nio.NioEventLoop.processSelectedKeysOptimized(NioEventLoop.java:724)
	at io.netty.channel.nio.NioEventLoop.processSelectedKeys(NioEventLoop.java:650)
	at io.netty.channel.nio.NioEventLoop.run(NioEventLoop.java:562)
	at io.netty.util.concurrent.SingleThreadEventExecutor$4.run(SingleThreadEventExecutor.java:997)
	at io.netty.util.internal.ThreadExecutorMap$2.run(ThreadExecutorMap.java:74)
	at io.netty.util.concurrent.FastThreadLocalRunnable.run(FastThreadLocalRunnable.java:30)
	at java.base/java.lang.Thread.run(Thread.java:1583)
20:00:46.959 [AsyncHttpClient-1-9] DEBUG org.asynchttpclient.netty.channel.ChannelManager -- Closing Channel [id: 0xfd6b32a7, L:/127.0.0.1:58817 - R:localhost/127.0.0.1:58809] 
20:00:46.961 [AsyncHttpClient-1-9] DEBUG org.asynchttpclient.netty.handler.HttpHandler -- Channel Closed: [id: 0xfd6b32a7, L:/127.0.0.1:58817 ! R:localhost/127.0.0.1:58809] with attribute DISCARD
20:00:46.986 [AsyncHttpClient-1-8] DEBUG org.asynchttpclient.netty.handler.HttpHandler -- 

Request DefaultFullHttpRequest(decodeResult: success, version: HTTP/1.1, content: EmptyByteBufBE)
DELETE /session/ee6dce05d4b99bc6539130535d0ce8d4 HTTP/1.1
User-Agent: selenium/4.11.0 (java windows)
Content-Type: application/json; charset=utf-8
host: localhost:43260
accept: */*

Response DefaultHttpResponse(decodeResult: success, version: HTTP/1.1)
HTTP/1.1 200 OK
Content-Length: 14
Content-Type: application/json; charset=utf-8
cache-control: no-cache

20:00:46.988 [AsyncHttpClient-1-8] DEBUG org.asynchttpclient.netty.channel.ChannelManager -- Adding key: http://localhost:43260 for channel [id: 0x31efc8ec, L:/127.0.0.1:58808 - R:localhost/127.0.0.1:43260]
20:00:47.194 [AsyncHttpClient-1-8] DEBUG org.asynchttpclient.netty.handler.HttpHandler -- Channel Closed: [id: 0x31efc8ec, L:/127.0.0.1:58808 ! R:localhost/127.0.0.1:43260] with attribute DISCARD
1
select natid from WORKING_CLASS_HEROES where natid=natid-18;sumitgole;MALE;1956-01-01T23:59:59;NULL;10.10;1.01;9"
]]></system-out>
  </testcase>
</testsuite>