<?xml version="1.0" encoding="UTF-8"?>
<!-- Generated by org.testng.reporters.JUnitReportReporter -->
<testsuite hostname="Advik" failures="0" tests="1" name="QEChallenge.ClerkHomePageTest" time="9.054" errors="0" timestamp="2024-03-01T14:25:54 SGT" skipped="0">
  <testcase classname="QEChallenge.ClerkHomePageTest" name="navigateToFileUpload" time="9.054"/>
</testsuite> <!-- QEChallenge.ClerkHomePageTest -->
