<?xml version="1.0" encoding="UTF-8"?>
<!-- Generated by org.testng.reporters.JUnitReportReporter -->
<testsuite hostname="Advik" failures="0" tests="1" name="QEChallenge.BookKeeperHomePageTest" time="8.248" errors="0" timestamp="2024-03-05T18:47:26 SGT" skipped="0">
  <testcase classname="QEChallenge.BookKeeperHomePageTest" name="checkTestFileData" time="8.248"/>
  <system-out/>
</testsuite> <!-- QEChallenge.BookKeeperHomePageTest -->
