<?xml version="1.0" encoding="UTF-8"?>
<!-- Generated by org.testng.reporters.JUnitReportReporter -->
<testsuite hostname="Advik" failures="0" tests="1" name="QEChallenge.LoginPageTest" time="13.527" errors="0" timestamp="2024-03-06T09:07:10 SGT" skipped="0">
  <testcase classname="QEChallenge.LoginPageTest" name="loginToApp" time="13.527"/>
  <system-out/>
</testsuite> <!-- QEChallenge.LoginPageTest -->
