<?xml version="1.0" encoding="UTF-8"?>
<!-- Generated by org.testng.reporters.JUnitReportReporter -->
<testsuite hostname="Advik" failures="0" tests="1" name="QEChallenge.LoginPageTest" time="5.186" errors="0" timestamp="2024-03-04T20:00:47 SGT" skipped="0">
  <testcase classname="QEChallenge.LoginPageTest" name="loginToApp" time="5.186"/>
</testsuite> <!-- QEChallenge.LoginPageTest -->
