<?xml version="1.0" encoding="UTF-8"?>
<!-- Generated by org.testng.reporters.JUnitReportReporter -->
<testsuite hostname="Advik" failures="0" tests="1" name="QEChallenge.ClerkHomePageTest" time="3.868" errors="0" timestamp="2024-03-04T20:00:47 SGT" skipped="0">
  <testcase classname="QEChallenge.ClerkHomePageTest" name="navigateToFileUpload" time="3.868"/>
</testsuite> <!-- QEChallenge.ClerkHomePageTest -->
